#
# A fatal error has been detected by the Java Runtime Environment:
#
#  EXCEPTION_ACCESS_VIOLATION (0xc0000005) at pc=0x0000020f07b2fbd5, pid=11276, tid=788
#
# JRE version: OpenJDK Runtime Environment Corretto-17.0.5.8.1 (17.0.5+8) (build 17.0.5+8-LTS)
# Java VM: OpenJDK 64-Bit Server VM Corretto-17.0.5.8.1 (17.0.5+8-LTS, mixed mode, sharing, tiered, compressed oops, compressed class ptrs, g1 gc, windows-amd64)
# Problematic frame:
# v  ~BufferBlob::vtable chunks
#
# No core dump will be written. Minidumps are not enabled by default on client versions of Windows
#
# If you would like to submit a bug report, please visit:
#   https://github.com/corretto/corretto-17/issues/
#

---------------  S U M M A R Y ------------

Command Line: --add-opens=java.base/java.util=ALL-UNNAMED --add-opens=java.base/java.lang=ALL-UNNAMED --add-opens=java.base/java.lang.invoke=ALL-UNNAMED --add-opens=java.prefs/java.util.prefs=ALL-UNNAMED --add-opens=java.base/java.nio.charset=ALL-UNNAMED --add-opens=java.base/java.net=ALL-UNNAMED --add-opens=java.base/java.util.concurrent.atomic=ALL-UNNAMED -XX:MaxMetaspaceSize=256m -XX:+HeapDumpOnOutOfMemoryError -Xms256m -Xmx512m -Dfile.encoding=x-windows-949 -Duser.country=US -Duser.language=en -Duser.variant org.gradle.launcher.daemon.bootstrap.GradleDaemon 7.6

Host: Intel(R) Core(TM) i7-10510U CPU @ 1.80GHz, 8 cores, 15G,  Windows 11 , 64 bit Build 22000 (10.0.22000.1761)
Time: Wed Apr 26 23:58:24 2023 SE Asia Standard Time elapsed time: 27564.989939 seconds (0d 7h 39m 24s)

---------------  T H R E A D  ---------------

Current thread (0x0000020f222edf90):  JavaThread "Daemon worker Thread 19" [_thread_in_Java, id=788, stack(0x000000683b200000,0x000000683b300000)]

Stack: [0x000000683b200000,0x000000683b300000],  sp=0x000000683b2fcc88,  free space=1011k
Native frames: (J=compiled Java code, j=interpreted, Vv=VM code, C=native code)
C  0x0000020f07b2fbd5


siginfo: EXCEPTION_ACCESS_VIOLATION (0xc0000005), reading address 0x00001c0800055550


Register to memory mapping:

RIP=0x0000020f07b2fbd5 is at entry_point+141 in a vtable stub
vtable stub (index = 2, receiver_location = 4, code = [0x0000020f07b2fb48, 0x0000020f07b2fbf0])
RAX=0x0000000800004748 is a pointer to class: 
java.util.Iterator {0x0000000800004750}
 - instance size:     2
 - klass size:        63
 - access:            public interface abstract 
 - state:             fully_initialized
 - name:              'java/util/Iterator'
 - super:             'java/lang/Object'
 - sub:               
 - nof implementors:  2
 - arrays:            'java/util/Iterator'[]
 - methods:           Array<T>(0x0000000800b51f30)
 - method ordering:   Array<T>(0x0000000800b51f18)
 - default_methods:   Array<T>(0x0000000000000000)
 - local interfaces:  Array<T>(0x00000008005cf9d0)
 - trans. interfaces: Array<T>(0x00000008005cf9d0)
 - constants:         constant pool [53] {0x00000008009cbc40} for 'java/util/Iterator' cache=0x000000080034cd60
 - class loader data:  loader data: 0x0000020f7bd08e60 of 'bootstrap'
 - source file:       'Iterator.java'
 - class annotations:       Array<T>(0x0000000000000000)
 - class type annotations:  Array<T>(0x0000000000000000)
 - field annotations:       Array<T>(0x0000000000000000)
 - field type annotations:  Array<T>(0x0000000000000000)
 - generic signature: '<E:Ljava/lang/Object;>Ljava/lang/Object;'
 - inner classes:     Array<T>(0x00000008005cf960)
 - nest members:     Array<T>(0x00000008005cf960)
 - permitted subclasses:     Array<T>(0x00000008005cf960)
 - java mirror:       a 'java/lang/Class'{0x00000000e09824a0} = 'java/util/Iterator'
 - vtable length      5  (start addr: 0x0000000800004910)
 - itable length      0 (start addr: 0x0000000800004938)
 - ---- static fields (0 words):
 - ---- non-static fields (0 words):
 - non-static oop maps: 
RBX=0x00001c0800055510 is an unknown value
RCX=0x0000000000001ad0 is an unknown value
RDX=0x00000000ecdbaf58 is an oop: java.util.TreeMap$ValueIterator 
{0x00000000ecdbaf58} - klass: 'java/util/TreeMap$ValueIterator'
 - ---- fields (total size 4 words):

[error occurred during error reporting (printing register info), id 0xc0000005, EXCEPTION_ACCESS_VIOLATION (0xc0000005) at pc=0x00007ffbacec4560]

Registers:
RAX=0x0000000800004748, RBX=0x00001c0800055510, RCX=0x0000000000001ad0, RDX=0x00000000ecdbaf58
RSP=0x000000683b2fcc88, RBP=0x000000683b2fcda8, RSI=0x0000000000000ecd, RDI=0x0000020f212f56e0
R8 =0x00000000ecdbaf30, R9 =0x0000000000000004, R10=0x0000000800054bf0, R11=0x0000000000000228
R12=0x0000000000000000, R13=0x000000683b2fcd58, R14=0x000000683b2fcdb8, R15=0x0000020f222edf90
RIP=0x0000020f07b2fbd5, EFLAGS=0x0000000000010246

Top of Stack: (sp=0x000000683b2fcc88)
0x000000683b2fcc88:   0000020f09595c5c 00000000ecdbaf40
0x000000683b2fcc98:   0000000000000000 000000683b2fcd40
0x000000683b2fcca8:   00007ffbad08322c 0000020f222edf90
0x000000683b2fccb8:   000000683b2fcd30 0000020f222edf90
0x000000683b2fccc8:   0000020f07a38e10 00000000ecd7bbc8
0x000000683b2fccd8:   0000020f0f5197fe 00000008003f8f98
0x000000683b2fcce8:   0000000000000001 0000020f07a3b467
0x000000683b2fccf8:   0000020f07a38e10 0000006800000000
0x000000683b2fcd08:   000000683b2fce68 00000000ecdbaf30
0x000000683b2fcd18:   00000000ecdbaf58 0000000000000000
0x000000683b2fcd28:   0000020f1df35a4e 00000000e0648dd0
0x000000683b2fcd38:   00007ffbad33c55b 000000683b2fcda8
0x000000683b2fcd48:   0000020f07a39657 0000020f07a39657
0x000000683b2fcd58:   00000000ecdbaf20 000000683b2fcd60
0x000000683b2fcd68:   0000020f1dfbc2f1 000000683b2fcdb8
0x000000683b2fcd78:   0000020f1dfbc760 0000000000000000 

Instructions: (pc=0x0000020f07b2fbd5)
0x0000020f07b2fad5:   8b 52 08 49 bb 00 00 00 00 08 00 00 00 4d 03 d3
0x0000020f07b2fae5:   45 8b 9a a0 00 00 00 4f 8d 9c da c8 01 00 00 4d
0x0000020f07b2faf5:   8d 52 40 49 8b 1b 48 3b c3 74 15 48 85 db 0f 84
0x0000020f07b2fb05:   17 00 00 00 49 83 c3 10 49 8b 1b 48 3b c3 75 eb
0x0000020f07b2fb15:   45 8b 5b 08 4b 8b 1c 1a ff 63 40 e9 5b c9 f4 ff
0x0000020f07b2fb25:   00 00 00 00 00 00 00 00 00 00 00 00 00 00 00 00
0x0000020f07b2fb35:   00 00 00 00 00 00 00 00 00 00 00 02 00 8d 00 07
0x0000020f07b2fb45:   00 00 00 48 8b 58 08 48 8b 00 44 8b 52 08 49 bb
0x0000020f07b2fb55:   00 00 00 00 08 00 00 00 4d 03 d3 45 8b 9a a0 00
0x0000020f07b2fb65:   00 00 4f 8d 9c da c8 01 00 00 4d 8b 13 49 3b da
0x0000020f07b2fb75:   74 15 4d 85 d2 0f 84 58 00 00 00 49 83 c3 10 4d
0x0000020f07b2fb85:   8b 13 49 3b da 75 eb 44 8b 52 08 49 bb 00 00 00
0x0000020f07b2fb95:   00 08 00 00 00 4d 03 d3 45 8b 9a a0 00 00 00 4f
0x0000020f07b2fba5:   8d 9c da c8 01 00 00 4d 8d 52 10 49 8b 1b 48 3b
0x0000020f07b2fbb5:   c3 74 15 48 85 db 0f 84 17 00 00 00 49 83 c3 10
0x0000020f07b2fbc5:   49 8b 1b 48 3b c3 75 eb 45 8b 5b 08 4b 8b 1c 1a
0x0000020f07b2fbd5:   ff 63 40 e9 a3 c8 f4 ff 00 00 00 00 00 00 00 00
0x0000020f07b2fbe5:   00 00 00 00 00 00 00 00 00 00 00 00 00 00 00 00
0x0000020f07b2fbf5:   00 00 00 03 00 8d 00 07 00 00 00 48 8b 58 08 48
0x0000020f07b2fc05:   8b 00 44 8b 52 08 49 bb 00 00 00 00 08 00 00 00
0x0000020f07b2fc15:   4d 03 d3 45 8b 9a a0 00 00 00 4f 8d 9c da c8 01
0x0000020f07b2fc25:   00 00 4d 8b 13 49 3b da 74 15 4d 85 d2 0f 84 58
0x0000020f07b2fc35:   00 00 00 49 83 c3 10 4d 8b 13 49 3b da 75 eb 44
0x0000020f07b2fc45:   8b 52 08 49 bb 00 00 00 00 08 00 00 00 4d 03 d3
0x0000020f07b2fc55:   45 8b 9a a0 00 00 00 4f 8d 9c da c8 01 00 00 4d
0x0000020f07b2fc65:   8d 52 18 49 8b 1b 48 3b c3 74 15 48 85 db 0f 84
0x0000020f07b2fc75:   17 00 00 00 49 83 c3 10 49 8b 1b 48 3b c3 75 eb
0x0000020f07b2fc85:   45 8b 5b 08 4b 8b 1c 1a ff 63 40 e9 eb c7 f4 ff
0x0000020f07b2fc95:   00 00 00 00 00 00 00 00 00 00 00 00 00 00 00 00
0x0000020f07b2fca5:   00 00 00 00 00 00 00 00 00 00 00 09 00 17 00 00
0x0000020f07b2fcb5:   00 01 00 8b 42 08 49 ba 00 00 00 00 08 00 00 00
0x0000020f07b2fcc5:   49 03 c2 48 8b 98 10 02 00 00 ff 63 40 00 00 00 


Stack slot to memory mapping:
stack at sp + 0 slots: 0x0000020f09595c5c is at entry_point+1788 in (nmethod*)0x0000020f09595310
stack at sp + 1 slots: 0x00000000ecdbaf40 is an oop: java.util.ArrayList 
{0x00000000ecdbaf40} - klass: 'java/util/ArrayList'
 - ---- fields (total size 3 words):
 - protected transient 'modCount' 'I' @12  0
 - private 'size' 'I' @16  0
 - transient 'elementData' '[Ljava/lang/Object;' @20  a 'java/lang/Object'[0] {0x00000000e065aa80} (e065aa80)
stack at sp + 2 slots: 0x0 is NULL
stack at sp + 3 slots: 0x000000683b2fcd40 is pointing into the stack for thread: 0x0000020f222edf90
stack at sp + 4 slots: 0x00007ffbad08322c jvm.dll
stack at sp + 5 slots: 0x0000020f222edf90 is a thread
stack at sp + 6 slots: 0x000000683b2fcd30 is pointing into the stack for thread: 0x0000020f222edf90
stack at sp + 7 slots: 0x0000020f222edf90 is a thread

--------------------------------------------------------------------------------
Decoding CodeBlob, name: vtable chunks, at  [0x0000020f07b2f800, 0x0000020f07b30208]  2568 bytes
[MachCode]
  0x0000020f07b2f800: 0000 0000 | 0000 0000 | 0300 1700 | 0000 0100 | 8b42 0849 | ba00 0000 | 0008 0000 | 0049 03c2 
  0x0000020f07b2f820: 488b 98e0 | 0100 00ff | 6340 0000 | 0000 0000 | 0000 0000 | 0000 0000 | 0000 0000 | 0000 0000 
  0x0000020f07b2f840: 0000 0000 | 0000 0000 | 0000 0000 | 0000 0000 | 0000 0000 | 0000 0000 | 0100 1700 | 0000 0100 
  0x0000020f07b2f860: 8b42 0849 | ba00 0000 | 0008 0000 | 0049 03c2 | 488b 98d0 | 0100 00ff | 6340 0000 | 0000 0000 
  0x0000020f07b2f880: 0000 0000 | 0000 0000 | 1c00 1700 | 0000 0100 | 8b42 0849 | ba00 0000 | 0008 0000 | 0049 03c2 
  0x0000020f07b2f8a0: 488b 98a8 | 0200 00ff | 6340 0000 | 0000 0000 | 0000 0000 | 0000 0000 | 1e00 1700 | 0000 0100 
  0x0000020f07b2f8c0: 8b42 0849 | ba00 0000 | 0008 0000 | 0049 03c2 | 488b 98b8 | 0200 00ff | 6340 0000 | 0000 0000 
  0x0000020f07b2f8e0: 0000 0000 | 0000 0000 | 0500 1700 | 0000 0100 | 8b42 0849 | ba00 0000 | 0008 0000 | 0049 03c2 
  0x0000020f07b2f900: 488b 98f0 | 0100 00ff | 6340 0000 | 0000 0000 | 0000 0000 | 0000 0000 | 0800 1700 | 0000 0100 
  0x0000020f07b2f920: 8b42 0849 | ba00 0000 | 0008 0000 | 0049 03c2 | 488b 9808 | 0200 00ff | 6340 0000 | 0000 0000 
  0x0000020f07b2f940: 0000 0000 | 0000 0000 | 0600 1700 | 0000 0100 | 8b42 0849 | ba00 0000 | 0008 0000 | 0049 03c2 
  0x0000020f07b2f960: 488b 98f8 | 0100 00ff | 6340 0000 | 0000 0000 | 0000 0000 | 0000 0000 | 0000 8c00 | 0700 0000 
  0x0000020f07b2f980: 488b 5808 | 488b 0044 | 8b52 0849 | bb00 0000 | 0008 0000 | 004d 03d3 | 458b 9aa0 | 0000 004f 
  0x0000020f07b2f9a0: 8d9c dac8 | 0100 004d | 8b13 493b | da74 154d | 85d2 0f84 | 5700 0000 | 4983 c310 | 4d8b 1349 
  0x0000020f07b2f9c0: 3bda 75eb | 448b 5208 | 49bb 0000 | 0000 0800 | 0000 4d03 | d345 8b9a | a000 0000 | 4f8d 9cda 
  0x0000020f07b2f9e0: c801 0000 | 4d8d 1249 | 8b1b 483b | c374 1548 | 85db 0f84 | 1700 0000 | 4983 c310 | 498b 1b48 
  0x0000020f07b2fa00: 3bc3 75eb | 458b 5b08 | 4b8b 1c1a | ff63 40e9 | 6cca f4ff | 0000 0000 | 0000 0000 | 0000 0000 
  0x0000020f07b2fa20: 0000 0000 | 0000 0000 | 0000 0000 | 0000 0000 | 0000 0000 | 0000 0000 | 0000 0000 | 0000 0000 
  0x0000020f07b2fa40: 0000 0000 | 0000 0000 | 0000 0000 | 0000 0000 | 0000 0000 | 0000 0000 | 0000 0000 | 0000 0000 
  0x0000020f07b2fa60: 0000 0000 | 0000 0000 | 0000 0000 | 0000 0000 | 0000 0000 | 0000 0000 | 0000 0000 | 0000 0000 
  0x0000020f07b2fa80: 0000 0000 | 0000 0000 | 0800 8d00 | 0700 0000 | 488b 5808 | 488b 0044 | 8b52 0849 | bb00 0000 
  0x0000020f07b2faa0: 0008 0000 | 004d 03d3 | 458b 9aa0 | 0000 004f | 8d9c dac8 | 0100 004d | 8b13 493b | da74 154d 
  0x0000020f07b2fac0: 85d2 0f84 | 5800 0000 | 4983 c310 | 4d8b 1349 | 3bda 75eb | 448b 5208 | 49bb 0000 | 0000 0800 
  0x0000020f07b2fae0: 0000 4d03 | d345 8b9a | a000 0000 | 4f8d 9cda | c801 0000 | 4d8d 5240 | 498b 1b48 | 3bc3 7415 
  0x0000020f07b2fb00: 4885 db0f | 8417 0000 | 0049 83c3 | 1049 8b1b | 483b c375 | eb45 8b5b | 084b 8b1c | 1aff 6340 
  0x0000020f07b2fb20: e95b c9f4 | ff00 0000 | 0000 0000 | 0000 0000 | 0000 0000 | 0000 0000 | 0000 0000 | 0000 0000 
  0x0000020f07b2fb40: 0200 8d00 | 0700 0000 | 488b 5808 | 488b 0044 | 8b52 0849 | bb00 0000 | 0008 0000 | 004d 03d3 
  0x0000020f07b2fb60: 458b 9aa0 | 0000 004f | 8d9c dac8 | 0100 004d | 8b13 493b | da74 154d | 85d2 0f84 | 5800 0000 
  0x0000020f07b2fb80: 4983 c310 | 4d8b 1349 | 3bda 75eb | 448b 5208 | 49bb 0000 | 0000 0800 | 0000 4d03 | d345 8b9a 
  0x0000020f07b2fba0: a000 0000 | 4f8d 9cda | c801 0000 | 4d8d 5210 | 498b 1b48 | 3bc3 7415 | 4885 db0f | 8417 0000 
  0x0000020f07b2fbc0: 0049 83c3 | 1049 8b1b | 483b c375 | eb45 8b5b | 084b 8b1c | 1aff 6340 | e9a3 c8f4 | ff00 0000 
  0x0000020f07b2fbe0: 0000 0000 | 0000 0000 | 0000 0000 | 0000 0000 | 0000 0000 | 0000 0000 | 0300 8d00 | 0700 0000 
  0x0000020f07b2fc00: 488b 5808 | 488b 0044 | 8b52 0849 | bb00 0000 | 0008 0000 | 004d 03d3 | 458b 9aa0 | 0000 004f 
  0x0000020f07b2fc20: 8d9c dac8 | 0100 004d | 8b13 493b | da74 154d | 85d2 0f84 | 5800 0000 | 4983 c310 | 4d8b 1349 
  0x0000020f07b2fc40: 3bda 75eb | 448b 5208 | 49bb 0000 | 0000 0800 | 0000 4d03 | d345 8b9a | a000 0000 | 4f8d 9cda 
  0x0000020f07b2fc60: c801 0000 | 4d8d 5218 | 498b 1b48 | 3bc3 7415 | 4885 db0f | 8417 0000 | 0049 83c3 | 1049 8b1b 
  0x0000020f07b2fc80: 483b c375 | eb45 8b5b | 084b 8b1c | 1aff 6340 | e9eb c7f4 | ff00 0000 | 0000 0000 | 0000 0000 
  0x0000020f07b2fca0: 0000 0000 | 0000 0000 | 0000 0000 | 0000 0000 | 0900 1700 | 0000 0100 | 8b42 0849 | ba00 0000 
  0x0000020f07b2fcc0: 0008 0000 | 0049 03c2 | 488b 9810 | 0200 00ff | 6340 0000 | 0000 0000 | 0000 0000 | 0000 0000 
  0x0000020f07b2fce0: 1a00 1700 | 0000 0100 | 8b42 0849 | ba00 0000 | 0008 0000 | 0049 03c2 | 488b 9898 | 0200 00ff 
  0x0000020f07b2fd00: 6340 0000 | 0000 0000 | 0000 0000 | 0000 0000 | 0f00 1700 | 0000 0100 | 8b42 0849 | ba00 0000 
  0x0000020f07b2fd20: 0008 0000 | 0049 03c2 | 488b 9840 | 0200 00ff | 6340 0000 | 0000 0000 | 0000 0000 | 0000 0000 
  0x0000020f07b2fd40: 0700 8d00 | 0700 0000 | 488b 5808 | 488b 0044 | 8b52 0849 | bb00 0000 | 0008 0000 | 004d 03d3 
  0x0000020f07b2fd60: 458b 9aa0 | 0000 004f | 8d9c dac8 | 0100 004d | 8b13 493b | da74 154d | 85d2 0f84 | 5800 0000 
  0x0000020f07b2fd80: 4983 c310 | 4d8b 1349 | 3bda 75eb | 448b 5208 | 49bb 0000 | 0000 0800 | 0000 4d03 | d345 8b9a 
  0x0000020f07b2fda0: a000 0000 | 4f8d 9cda | c801 0000 | 4d8d 5238 | 498b 1b48 | 3bc3 7415 | 4885 db0f | 8417 0000 
  0x0000020f07b2fdc0: 0049 83c3 | 1049 8b1b | 483b c375 | eb45 8b5b | 084b 8b1c | 1aff 6340 | e9a3 c6f4 | ff00 0000 
  0x0000020f07b2fde0: 0000 0000 | 0000 0000 | 0000 0000 | 0000 0000 | 0000 0000 | 0000 0000 | 1300 1700 | 0000 0100 
  0x0000020f07b2fe00: 8b42 0849 | ba00 0000 | 0008 0000 | 0049 03c2 | 488b 9860 | 0200 00ff | 6340 0000 | 0000 0000 
  0x0000020f07b2fe20: 0000 0000 | 0000 0000 | 0700 1700 | 0000 0100 | 8b42 0849 | ba00 0000 | 0008 0000 | 0049 03c2 
  0x0000020f07b2fe40: 488b 9800 | 0200 00ff | 6340 0000 | 0000 0000 | 0000 0000 | 0000 0000 | 0200 1700 | 0000 0100 
  0x0000020f07b2fe60: 8b42 0849 | ba00 0000 | 0008 0000 | 0049 03c2 | 488b 98d8 | 0100 00ff | 6340 0000 | 0000 0000 
  0x0000020f07b2fe80: 0000 0000 | 0000 0000 | 0c00 1700 | 0000 0100 | 8b42 0849 | ba00 0000 | 0008 0000 | 0049 03c2 
  0x0000020f07b2fea0: 488b 9828 | 0200 00ff | 6340 0000 | 0000 0000 | 0000 0000 | 0000 0000 | 0e00 1700 | 0000 0100 
  0x0000020f07b2fec0: 8b42 0849 | ba00 0000 | 0008 0000 | 0049 03c2 | 488b 9838 | 0200 00ff | 6340 0000 | 0000 0000 
  0x0000020f07b2fee0: 0000 0000 | 0000 0000 | 1d00 1700 | 0000 0100 | 8b42 0849 | ba00 0000 | 0008 0000 | 0049 03c2 
  0x0000020f07b2ff00: 488b 98b0 | 0200 00ff | 6340 0000 | 0000 0000 | 0000 0000 | 0000 0000 | 1400 1700 | 0000 0100 
  0x0000020f07b2ff20: 8b42 0849 | ba00 0000 | 0008 0000 | 0049 03c2 | 488b 9868 | 0200 00ff | 6340 0000 | 0000 0000 
  0x0000020f07b2ff40: 0000 0000 | 0000 0000 | 0600 8d00 | 0700 0000 | 488b 5808 | 488b 0044 | 8b52 0849 | bb00 0000 
  0x0000020f07b2ff60: 0008 0000 | 004d 03d3 | 458b 9aa0 | 0000 004f | 8d9c dac8 | 0100 004d | 8b13 493b | da74 154d 
  0x0000020f07b2ff80: 85d2 0f84 | 5800 0000 | 4983 c310 | 4d8b 1349 | 3bda 75eb | 448b 5208 | 49bb 0000 | 0000 0800 
  0x0000020f07b2ffa0: 0000 4d03 | d345 8b9a | a000 0000 | 4f8d 9cda | c801 0000 | 4d8d 5230 | 498b 1b48 | 3bc3 7415 
  0x0000020f07b2ffc0: 4885 db0f | 8417 0000 | 0049 83c3 | 1049 8b1b | 483b c375 | eb45 8b5b | 084b 8b1c | 1aff 6340 
  0x0000020f07b2ffe0: e99b c4f4 | ff00 0000 | 0000 0000 | 0000 0000 | 0000 0000 | 0000 0000 | 0000 0000 | 0000 0000 
  0x0000020f07b30000: 1300 9000 | 0700 0000 | 488b 5808 | 488b 0044 | 8b52 0849 | bb00 0000 | 0008 0000 | 004d 03d3 
  0x0000020f07b30020: 458b 9aa0 | 0000 004f | 8d9c dac8 | 0100 004d | 8b13 493b | da74 154d | 85d2 0f84 | 5b00 0000 
  0x0000020f07b30040: 4983 c310 | 4d8b 1349 | 3bda 75eb | 448b 5208 | 49bb 0000 | 0000 0800 | 0000 4d03 | d345 8b9a 
  0x0000020f07b30060: a000 0000 | 4f8d 9cda | c801 0000 | 4d8d 9298 | 0000 0049 | 8b1b 483b | c374 1548 | 85db 0f84 
  0x0000020f07b30080: 1700 0000 | 4983 c310 | 498b 1b48 | 3bc3 75eb | 458b 5b08 | 4b8b 1c1a | ff63 40e9 | e0c3 f4ff 
  0x0000020f07b300a0: 0000 0000 | 0000 0000 | 0000 0000 | 0000 0000 | 0000 0000 | 0000 0000 | 0d00 1700 | 0000 0100 
  0x0000020f07b300c0: 8b42 0849 | ba00 0000 | 0008 0000 | 0049 03c2 | 488b 9830 | 0200 00ff | 6340 0000 | 0000 0000 
  0x0000020f07b300e0: 0000 0000 | 0000 0000 | 0c00 8d00 | 0700 0000 | 488b 5808 | 488b 0044 | 8b52 0849 | bb00 0000 
  0x0000020f07b30100: 0008 0000 | 004d 03d3 | 458b 9aa0 | 0000 004f | 8d9c dac8 | 0100 004d | 8b13 493b | da74 154d 
  0x0000020f07b30120: 85d2 0f84 | 5800 0000 | 4983 c310 | 4d8b 1349 | 3bda 75eb | 448b 5208 | 49bb 0000 | 0000 0800 
  0x0000020f07b30140: 0000 4d03 | d345 8b9a | a000 0000 | 4f8d 9cda | c801 0000 | 4d8d 5260 | 498b 1b48 | 3bc3 7415 
  0x0000020f07b30160: 4885 db0f | 8417 0000 | 0049 83c3 | 1049 8b1b | 483b c375 | eb45 8b5b | 084b 8b1c | 1aff 6340 
  0x0000020f07b30180: e9fb c2f4 | ff00 0000 | 0000 0000 | 0000 0000 | 0000 0000 | 0000 0000 | 0000 0000 | 0000 0000 
  0x0000020f07b301a0: 2a00 1700 | 0000 0100 | 8b42 0849 | ba00 0000 | 0008 0000 | 0049 03c2 | 488b 9818 | 0300 00ff 
  0x0000020f07b301c0: 6340 0000 | 0000 0000 | 0000 0000 | 0000 0000 | 2800 1700 | 0000 0100 | 8b42 0849 | ba00 0000 
  0x0000020f07b301e0: 0008 0000 | 0049 03c2 | 488b 9808 | 0300 00ff | 6340 0000 | 0000 0000 | 0000 0000 | 0000 0000 
  0x0000020f07b30200: 0000 0000 | 0000 0000 
[/MachCode]
--------------------------------------------------------------------------------


---------------  P R O C E S S  ---------------

Threads class SMR info:
_java_thread_list=0x0000020f1bccde80, length=40, elements={
0x0000020f7be65010, 0x0000020f7fef2970, 0x0000020f7fef3520, 0x0000020f7ff0f4f0,
0x0000020f7ff13ec0, 0x0000020f7ff14870, 0x0000020f7ff15220, 0x0000020f7ff214c0,
0x0000020f7ff261b0, 0x0000020f7ff293c0, 0x0000020f1951e430, 0x0000020f19522910,
0x0000020f1b23e3b0, 0x0000020f1c065f80, 0x0000020f1c189750, 0x0000020f1be80ab0,
0x0000020f1be81920, 0x0000020f1be805e0, 0x0000020f1be7e900, 0x0000020f1be80110,
0x0000020f1be7e430, 0x0000020f1be7fc40, 0x0000020f1c91d3b0, 0x0000020f1c91e6f0,
0x0000020f1c91dd50, 0x0000020f1c91c540, 0x0000020f1c91ebc0, 0x0000020f1c91cee0,
0x0000020f1c91d880, 0x0000020f1c91e220, 0x0000020f1bbca7d0, 0x0000020f1ed2fbc0,
0x0000020f1e3288f0, 0x0000020f222ed5f0, 0x0000020f222edac0, 0x0000020f222edf90,
0x0000020f1ff473e0, 0x0000020f1ff46570, 0x0000020f1ff478b0, 0x0000020f1ff46a40
}

Java Threads: ( => current thread )
  0x0000020f7be65010 JavaThread "main" [_thread_blocked, id=9092, stack(0x0000006839f00000,0x000000683a000000)]
  0x0000020f7fef2970 JavaThread "Reference Handler" daemon [_thread_blocked, id=8912, stack(0x000000683a600000,0x000000683a700000)]
  0x0000020f7fef3520 JavaThread "Finalizer" daemon [_thread_blocked, id=5948, stack(0x000000683a700000,0x000000683a800000)]
  0x0000020f7ff0f4f0 JavaThread "Signal Dispatcher" daemon [_thread_blocked, id=17840, stack(0x000000683a800000,0x000000683a900000)]
  0x0000020f7ff13ec0 JavaThread "Attach Listener" daemon [_thread_blocked, id=16636, stack(0x000000683a900000,0x000000683aa00000)]
  0x0000020f7ff14870 JavaThread "Service Thread" daemon [_thread_blocked, id=16364, stack(0x000000683aa00000,0x000000683ab00000)]
  0x0000020f7ff15220 JavaThread "Monitor Deflation Thread" daemon [_thread_blocked, id=6332, stack(0x000000683ab00000,0x000000683ac00000)]
  0x0000020f7ff214c0 JavaThread "C2 CompilerThread0" daemon [_thread_blocked, id=14592, stack(0x000000683ac00000,0x000000683ad00000)]
  0x0000020f7ff261b0 JavaThread "C1 CompilerThread0" daemon [_thread_blocked, id=10200, stack(0x000000683ad00000,0x000000683ae00000)]
  0x0000020f7ff293c0 JavaThread "Sweeper thread" daemon [_thread_blocked, id=10472, stack(0x000000683ae00000,0x000000683af00000)]
  0x0000020f1951e430 JavaThread "Common-Cleaner" daemon [_thread_blocked, id=5824, stack(0x000000683af00000,0x000000683b000000)]
  0x0000020f19522910 JavaThread "Notification Thread" daemon [_thread_blocked, id=18284, stack(0x000000683b000000,0x000000683b100000)]
  0x0000020f1b23e3b0 JavaThread "Daemon health stats" [_thread_blocked, id=2632, stack(0x000000683b900000,0x000000683ba00000)]
  0x0000020f1c065f80 JavaThread "Incoming local TCP Connector on port 53287" [_thread_in_native, id=13400, stack(0x000000683ba00000,0x000000683bb00000)]
  0x0000020f1c189750 JavaThread "Daemon periodic checks" [_thread_blocked, id=11252, stack(0x000000683bb00000,0x000000683bc00000)]
  0x0000020f1be80ab0 JavaThread "Cache worker for journal cache (C:\Users\alaid\.gradle\caches\journal-1)" [_thread_blocked, id=18104, stack(0x000000683c300000,0x000000683c400000)]
  0x0000020f1be81920 JavaThread "File lock request listener" [_thread_in_native, id=15740, stack(0x000000683c400000,0x000000683c500000)]
  0x0000020f1be805e0 JavaThread "Cache worker for file hash cache (C:\Users\alaid\.gradle\caches\7.6\fileHashes)" [_thread_blocked, id=7272, stack(0x000000683c500000,0x000000683c600000)]
  0x0000020f1be7e900 JavaThread "File watcher server" daemon [_thread_in_native, id=11584, stack(0x000000683c600000,0x000000683c700000)]
  0x0000020f1be80110 JavaThread "File watcher consumer" daemon [_thread_blocked, id=12612, stack(0x000000683c700000,0x000000683c800000)]
  0x0000020f1be7e430 JavaThread "Cache worker for file content cache (C:\Users\alaid\.gradle\caches\7.6\fileContent)" [_thread_blocked, id=13556, stack(0x000000683ca00000,0x000000683cb00000)]
  0x0000020f1be7fc40 JavaThread "Cache worker for execution history cache (C:\Users\alaid\.gradle\caches\7.6\executionHistory)" [_thread_blocked, id=9608, stack(0x000000683d000000,0x000000683d100000)]
  0x0000020f1c91d3b0 JavaThread "jar transforms" [_thread_blocked, id=18052, stack(0x000000683d100000,0x000000683d200000)]
  0x0000020f1c91e6f0 JavaThread "jar transforms Thread 2" [_thread_blocked, id=11612, stack(0x000000683d200000,0x000000683d300000)]
  0x0000020f1c91dd50 JavaThread "jar transforms Thread 3" [_thread_blocked, id=556, stack(0x000000683d300000,0x000000683d400000)]
  0x0000020f1c91c540 JavaThread "jar transforms Thread 4" [_thread_blocked, id=18032, stack(0x000000683d400000,0x000000683d500000)]
  0x0000020f1c91ebc0 JavaThread "jar transforms Thread 5" [_thread_blocked, id=15496, stack(0x000000683d500000,0x000000683d600000)]
  0x0000020f1c91cee0 JavaThread "jar transforms Thread 6" [_thread_blocked, id=17036, stack(0x000000683d600000,0x000000683d700000)]
  0x0000020f1c91d880 JavaThread "jar transforms Thread 7" [_thread_blocked, id=6740, stack(0x000000683d700000,0x000000683d800000)]
  0x0000020f1c91e220 JavaThread "jar transforms Thread 8" [_thread_blocked, id=8220, stack(0x000000683d800000,0x000000683d900000)]
  0x0000020f1bbca7d0 JavaThread "Memory manager" [_thread_blocked, id=15248, stack(0x000000683ed00000,0x000000683ee00000)]
  0x0000020f1ed2fbc0 JavaThread "Cache worker for Java compile cache (C:\Users\alaid\.gradle\caches\7.6\javaCompile)" [_thread_blocked, id=12032, stack(0x0000006843700000,0x0000006843800000)]
  0x0000020f1e3288f0 JavaThread "Daemon Thread 21" [_thread_blocked, id=7332, stack(0x0000006839c00000,0x0000006839d00000)]
  0x0000020f222ed5f0 JavaThread "Handler for socket connection from /127.0.0.1:53287 to /127.0.0.1:59588" [_thread_in_native, id=19632, stack(0x0000006839d00000,0x0000006839e00000)]
  0x0000020f222edac0 JavaThread "Cancel handler" [_thread_blocked, id=20452, stack(0x0000006839e00000,0x0000006839f00000)]
=>0x0000020f222edf90 JavaThread "Daemon worker Thread 19" [_thread_in_Java, id=788, stack(0x000000683b200000,0x000000683b300000)]
  0x0000020f1ff473e0 JavaThread "Asynchronous log dispatcher for DefaultDaemonConnection: socket connection from /127.0.0.1:53287 to /127.0.0.1:59588" [_thread_blocked, id=20352, stack(0x000000683b800000,0x000000683b900000)]
  0x0000020f1ff46570 JavaThread "Stdin handler" [_thread_blocked, id=5556, stack(0x000000683bc00000,0x000000683bd00000)]
  0x0000020f1ff478b0 JavaThread "Daemon client event forwarder" [_thread_blocked, id=2320, stack(0x000000683bd00000,0x000000683be00000)]
  0x0000020f1ff46a40 JavaThread "Cache worker for checksums cache (C:\Users\alaid\Documents\Kuliah\Term_6\Propensi\d8\water\.gradle\7.6\checksums)" [_thread_blocked, id=19464, stack(0x000000683be00000,0x000000683bf00000)]

Other Threads:
  0x0000020f7feefee0 VMThread "VM Thread" [stack: 0x000000683a500000,0x000000683a600000] [id=2912]
  0x0000020f7bea3140 WatcherThread [stack: 0x000000683b100000,0x000000683b200000] [id=14304]
  0x0000020f7be961a0 GCTaskThread "GC Thread#0" [stack: 0x000000683a000000,0x000000683a100000] [id=2288]
  0x0000020f1a48deb0 GCTaskThread "GC Thread#1" [stack: 0x000000683b300000,0x000000683b400000] [id=10332]
  0x0000020f1a19bed0 GCTaskThread "GC Thread#2" [stack: 0x000000683b400000,0x000000683b500000] [id=1352]
  0x0000020f1a601010 GCTaskThread "GC Thread#3" [stack: 0x000000683b500000,0x000000683b600000] [id=6404]
  0x0000020f1a6012c0 GCTaskThread "GC Thread#4" [stack: 0x000000683b600000,0x000000683b700000] [id=14164]
  0x0000020f1a601570 GCTaskThread "GC Thread#5" [stack: 0x000000683b700000,0x000000683b800000] [id=17668]
  0x0000020f1f0c3800 GCTaskThread "GC Thread#6" [stack: 0x000000683cd00000,0x000000683ce00000] [id=4700]
  0x0000020f1f0c2530 GCTaskThread "GC Thread#7" [stack: 0x000000683ce00000,0x000000683cf00000] [id=11532]
  0x0000020f7be9b0e0 ConcurrentGCThread "G1 Main Marker" [stack: 0x000000683a100000,0x000000683a200000] [id=14248]
  0x0000020f7be9bc50 ConcurrentGCThread "G1 Conc#0" [stack: 0x000000683a200000,0x000000683a300000] [id=9764]
  0x0000020f1f0c27e0 ConcurrentGCThread "G1 Conc#1" [stack: 0x000000683cf00000,0x000000683d000000] [id=15688]
  0x0000020f7bf3e4f0 ConcurrentGCThread "G1 Refine#0" [stack: 0x000000683a300000,0x000000683a400000] [id=1788]
  0x0000020f1cd84910 ConcurrentGCThread "G1 Refine#1" [stack: 0x000000683f700000,0x000000683f800000] [id=5024]
  0x0000020f1cd84bf0 ConcurrentGCThread "G1 Refine#2" [stack: 0x000000683f800000,0x000000683f900000] [id=17932]
  0x0000020f1cd84070 ConcurrentGCThread "G1 Refine#3" [stack: 0x000000683f900000,0x000000683fa00000] [id=16796]
  0x0000020f1cd85490 ConcurrentGCThread "G1 Refine#4" [stack: 0x000000683fa00000,0x000000683fb00000] [id=10156]
  0x0000020f1cd84630 ConcurrentGCThread "G1 Refine#5" [stack: 0x000000683fb00000,0x000000683fc00000] [id=3852]
  0x0000020f7fdb2160 ConcurrentGCThread "G1 Service" [stack: 0x000000683a400000,0x000000683a500000] [id=10336]

Threads with active compile tasks:

VM state: not at safepoint (normal execution)

VM Mutex/Monitor currently owned by a thread: None

Heap address: 0x00000000e0000000, size: 512 MB, Compressed Oops mode: 32-bit

CDS archive(s) mapped at: [0x0000000800000000-0x0000000800bc0000-0x0000000800bc0000), size 12320768, SharedBaseAddress: 0x0000000800000000, ArchiveRelocationMode: 0.
Compressed class space mapped at: 0x0000000800c00000-0x000000080dc00000, reserved size: 218103808
Narrow klass base: 0x0000000800000000, Narrow klass shift: 0, Narrow klass range: 0x100000000

GC Precious Log:
 CPUs: 8 total, 8 available
 Memory: 15977M
 Large Page Support: Disabled
 NUMA Support: Disabled
 Compressed Oops: Enabled (32-bit)
 Heap Region Size: 1M
 Heap Min Capacity: 256M
 Heap Initial Capacity: 256M
 Heap Max Capacity: 512M
 Pre-touch: Disabled
 Parallel Workers: 8
 Concurrent Workers: 2
 Concurrent Refinement Workers: 8
 Periodic GC: Disabled

Heap:
 garbage-first heap   total 262144K, used 166581K [0x00000000e0000000, 0x0000000100000000)
  region size 1024K, 57 young (58368K), 6 survivors (6144K)
 Metaspace       used 74938K, committed 76096K, reserved 286720K
  class space    used 9676K, committed 10240K, reserved 212992K

Heap Regions: E=young(eden), S=young(survivor), O=old, HS=humongous(starts), HC=humongous(continues), CS=collection set, F=free, OA=open archive, CA=closed archive, TAMS=top-at-mark-start (previous, next)
|   0|0x00000000e0000000, 0x00000000e0100000, 0x00000000e0100000|100%|HS|  |TAMS 0x00000000e0100000, 0x00000000e0000000| Complete 
|   1|0x00000000e0100000, 0x00000000e0200000, 0x00000000e0200000|100%|HC|  |TAMS 0x00000000e0200000, 0x00000000e0100000| Complete 
|   2|0x00000000e0200000, 0x00000000e0300000, 0x00000000e0300000|100%|HC|  |TAMS 0x00000000e0300000, 0x00000000e0200000| Complete 
|   3|0x00000000e0300000, 0x00000000e0400000, 0x00000000e0400000|100%| O|  |TAMS 0x00000000e0400000, 0x00000000e0300000| Untracked 
|   4|0x00000000e0400000, 0x00000000e0500000, 0x00000000e0500000|100%| O|  |TAMS 0x00000000e0500000, 0x00000000e0400000| Untracked 
|   5|0x00000000e0500000, 0x00000000e0600000, 0x00000000e0600000|100%| O|  |TAMS 0x00000000e0600000, 0x00000000e0500000| Untracked 
|   6|0x00000000e0600000, 0x00000000e0700000, 0x00000000e0700000|100%| O|  |TAMS 0x00000000e0700000, 0x00000000e0600000| Untracked 
|   7|0x00000000e0700000, 0x00000000e0800000, 0x00000000e0800000|100%| O|  |TAMS 0x00000000e0800000, 0x00000000e0700000| Untracked 
|   8|0x00000000e0800000, 0x00000000e0900000, 0x00000000e0900000|100%| O|  |TAMS 0x00000000e0900000, 0x00000000e0800000| Untracked 
|   9|0x00000000e0900000, 0x00000000e0a00000, 0x00000000e0a00000|100%| O|  |TAMS 0x00000000e0a00000, 0x00000000e0900000| Untracked 
|  10|0x00000000e0a00000, 0x00000000e0b00000, 0x00000000e0b00000|100%| O|  |TAMS 0x00000000e0b00000, 0x00000000e0a00000| Untracked 
|  11|0x00000000e0b00000, 0x00000000e0c00000, 0x00000000e0c00000|100%| O|  |TAMS 0x00000000e0c00000, 0x00000000e0b00000| Untracked 
|  12|0x00000000e0c00000, 0x00000000e0d00000, 0x00000000e0d00000|100%| O|  |TAMS 0x00000000e0d00000, 0x00000000e0c00000| Untracked 
|  13|0x00000000e0d00000, 0x00000000e0e00000, 0x00000000e0e00000|100%| O|  |TAMS 0x00000000e0e00000, 0x00000000e0d00000| Untracked 
|  14|0x00000000e0e00000, 0x00000000e0f00000, 0x00000000e0f00000|100%| O|  |TAMS 0x00000000e0f00000, 0x00000000e0e00000| Untracked 
|  15|0x00000000e0f00000, 0x00000000e1000000, 0x00000000e1000000|100%| O|  |TAMS 0x00000000e1000000, 0x00000000e0f00000| Untracked 
|  16|0x00000000e1000000, 0x00000000e1100000, 0x00000000e1100000|100%| O|  |TAMS 0x00000000e1100000, 0x00000000e1000000| Untracked 
|  17|0x00000000e1100000, 0x00000000e1200000, 0x00000000e1200000|100%| O|  |TAMS 0x00000000e1200000, 0x00000000e1100000| Untracked 
|  18|0x00000000e1200000, 0x00000000e1300000, 0x00000000e1300000|100%| O|  |TAMS 0x00000000e1300000, 0x00000000e1200000| Untracked 
|  19|0x00000000e1300000, 0x00000000e1400000, 0x00000000e1400000|100%| O|  |TAMS 0x00000000e1400000, 0x00000000e1300000| Untracked 
|  20|0x00000000e1400000, 0x00000000e1500000, 0x00000000e1500000|100%| O|  |TAMS 0x00000000e1500000, 0x00000000e1400000| Untracked 
|  21|0x00000000e1500000, 0x00000000e1600000, 0x00000000e1600000|100%| O|  |TAMS 0x00000000e1600000, 0x00000000e1500000| Untracked 
|  22|0x00000000e1600000, 0x00000000e1700000, 0x00000000e1700000|100%| O|  |TAMS 0x00000000e1700000, 0x00000000e1600000| Untracked 
|  23|0x00000000e1700000, 0x00000000e1800000, 0x00000000e1800000|100%| O|  |TAMS 0x00000000e1800000, 0x00000000e1700000| Untracked 
|  24|0x00000000e1800000, 0x00000000e1900000, 0x00000000e1900000|100%| O|  |TAMS 0x00000000e1900000, 0x00000000e1800000| Untracked 
|  25|0x00000000e1900000, 0x00000000e1a00000, 0x00000000e1a00000|100%| O|  |TAMS 0x00000000e1a00000, 0x00000000e1900000| Untracked 
|  26|0x00000000e1a00000, 0x00000000e1b00000, 0x00000000e1b00000|100%| O|  |TAMS 0x00000000e1b00000, 0x00000000e1a00000| Untracked 
|  27|0x00000000e1b00000, 0x00000000e1c00000, 0x00000000e1c00000|100%| O|  |TAMS 0x00000000e1c00000, 0x00000000e1b00000| Untracked 
|  28|0x00000000e1c00000, 0x00000000e1d00000, 0x00000000e1d00000|100%| O|  |TAMS 0x00000000e1d00000, 0x00000000e1c00000| Untracked 
|  29|0x00000000e1d00000, 0x00000000e1e00000, 0x00000000e1e00000|100%| O|  |TAMS 0x00000000e1e00000, 0x00000000e1d00000| Untracked 
|  30|0x00000000e1e00000, 0x00000000e1f00000, 0x00000000e1f00000|100%| O|  |TAMS 0x00000000e1f00000, 0x00000000e1e00000| Untracked 
|  31|0x00000000e1f00000, 0x00000000e2000000, 0x00000000e2000000|100%| O|  |TAMS 0x00000000e2000000, 0x00000000e1f00000| Untracked 
|  32|0x00000000e2000000, 0x00000000e2100000, 0x00000000e2100000|100%| O|  |TAMS 0x00000000e2100000, 0x00000000e2000000| Untracked 
|  33|0x00000000e2100000, 0x00000000e2200000, 0x00000000e2200000|100%| O|  |TAMS 0x00000000e2200000, 0x00000000e2100000| Untracked 
|  34|0x00000000e2200000, 0x00000000e2300000, 0x00000000e2300000|100%| O|  |TAMS 0x00000000e2300000, 0x00000000e2200000| Untracked 
|  35|0x00000000e2300000, 0x00000000e2400000, 0x00000000e2400000|100%| O|  |TAMS 0x00000000e2400000, 0x00000000e2300000| Untracked 
|  36|0x00000000e2400000, 0x00000000e2500000, 0x00000000e2500000|100%| O|  |TAMS 0x00000000e2500000, 0x00000000e2400000| Untracked 
|  37|0x00000000e2500000, 0x00000000e2600000, 0x00000000e2600000|100%| O|  |TAMS 0x00000000e2600000, 0x00000000e2500000| Untracked 
|  38|0x00000000e2600000, 0x00000000e2700000, 0x00000000e2700000|100%| O|  |TAMS 0x00000000e2600000, 0x00000000e2600000| Untracked 
|  39|0x00000000e2700000, 0x00000000e2800000, 0x00000000e2800000|100%| O|  |TAMS 0x00000000e2700000, 0x00000000e2700000| Untracked 
|  40|0x00000000e2800000, 0x00000000e2900000, 0x00000000e2900000|100%| O|  |TAMS 0x00000000e2900000, 0x00000000e2800000| Untracked 
|  41|0x00000000e2900000, 0x00000000e2a00000, 0x00000000e2a00000|100%| O|  |TAMS 0x00000000e2900000, 0x00000000e2900000| Untracked 
|  42|0x00000000e2a00000, 0x00000000e2b00000, 0x00000000e2b00000|100%| O|  |TAMS 0x00000000e2a00000, 0x00000000e2a00000| Untracked 
|  43|0x00000000e2b00000, 0x00000000e2c00000, 0x00000000e2c00000|100%| O|  |TAMS 0x00000000e2c00000, 0x00000000e2b00000| Untracked 
|  44|0x00000000e2c00000, 0x00000000e2d00000, 0x00000000e2d00000|100%| O|  |TAMS 0x00000000e2d00000, 0x00000000e2c00000| Untracked 
|  45|0x00000000e2d00000, 0x00000000e2e00000, 0x00000000e2e00000|100%| O|  |TAMS 0x00000000e2e00000, 0x00000000e2d00000| Untracked 
|  46|0x00000000e2e00000, 0x00000000e2f00000, 0x00000000e2f00000|100%| O|  |TAMS 0x00000000e2f00000, 0x00000000e2e00000| Untracked 
|  47|0x00000000e2f00000, 0x00000000e3000000, 0x00000000e3000000|100%| O|  |TAMS 0x00000000e3000000, 0x00000000e2f00000| Untracked 
|  48|0x00000000e3000000, 0x00000000e3100000, 0x00000000e3100000|100%| O|  |TAMS 0x00000000e3100000, 0x00000000e3000000| Untracked 
|  49|0x00000000e3100000, 0x00000000e3200000, 0x00000000e3200000|100%| O|  |TAMS 0x00000000e3200000, 0x00000000e3100000| Untracked 
|  50|0x00000000e3200000, 0x00000000e3300000, 0x00000000e3300000|100%| O|  |TAMS 0x00000000e3300000, 0x00000000e3200000| Untracked 
|  51|0x00000000e3300000, 0x00000000e3400000, 0x00000000e3400000|100%| O|  |TAMS 0x00000000e3400000, 0x00000000e3300000| Untracked 
|  52|0x00000000e3400000, 0x00000000e3500000, 0x00000000e3500000|100%| O|  |TAMS 0x00000000e3500000, 0x00000000e3400000| Untracked 
|  53|0x00000000e3500000, 0x00000000e3600000, 0x00000000e3600000|100%| O|  |TAMS 0x00000000e3600000, 0x00000000e3500000| Untracked 
|  54|0x00000000e3600000, 0x00000000e3700000, 0x00000000e3700000|100%| O|  |TAMS 0x00000000e3700000, 0x00000000e3600000| Untracked 
|  55|0x00000000e3700000, 0x00000000e3800000, 0x00000000e3800000|100%| O|  |TAMS 0x00000000e3800000, 0x00000000e3700000| Untracked 
|  56|0x00000000e3800000, 0x00000000e3900000, 0x00000000e3900000|100%| O|  |TAMS 0x00000000e3900000, 0x00000000e3800000| Untracked 
|  57|0x00000000e3900000, 0x00000000e3a00000, 0x00000000e3a00000|100%| O|  |TAMS 0x00000000e3a00000, 0x00000000e3900000| Untracked 
|  58|0x00000000e3a00000, 0x00000000e3b00000, 0x00000000e3b00000|100%| O|  |TAMS 0x00000000e3b00000, 0x00000000e3a00000| Untracked 
|  59|0x00000000e3b00000, 0x00000000e3c00000, 0x00000000e3c00000|100%| O|  |TAMS 0x00000000e3c00000, 0x00000000e3b00000| Untracked 
|  60|0x00000000e3c00000, 0x00000000e3d00000, 0x00000000e3d00000|100%|HS|  |TAMS 0x00000000e3c00000, 0x00000000e3c00000| Complete 
|  61|0x00000000e3d00000, 0x00000000e3e00000, 0x00000000e3e00000|100%| O|  |TAMS 0x00000000e3d00000, 0x00000000e3d00000| Untracked 
|  62|0x00000000e3e00000, 0x00000000e3f00000, 0x00000000e3f00000|100%| O|  |TAMS 0x00000000e3e00000, 0x00000000e3e00000| Untracked 
|  63|0x00000000e3f00000, 0x00000000e4000000, 0x00000000e4000000|100%| O|  |TAMS 0x00000000e3f00000, 0x00000000e3f00000| Untracked 
|  64|0x00000000e4000000, 0x00000000e4100000, 0x00000000e4100000|100%| O|  |TAMS 0x00000000e4000000, 0x00000000e4000000| Untracked 
|  65|0x00000000e4100000, 0x00000000e4200000, 0x00000000e4200000|100%| O|  |TAMS 0x00000000e4100000, 0x00000000e4100000| Untracked 
|  66|0x00000000e4200000, 0x00000000e4300000, 0x00000000e4300000|100%| O|  |TAMS 0x00000000e4200000, 0x00000000e4200000| Untracked 
|  67|0x00000000e4300000, 0x00000000e4400000, 0x00000000e4400000|100%| O|  |TAMS 0x00000000e4300000, 0x00000000e4300000| Untracked 
|  68|0x00000000e4400000, 0x00000000e4500000, 0x00000000e4500000|100%| O|  |TAMS 0x00000000e4400000, 0x00000000e4400000| Untracked 
|  69|0x00000000e4500000, 0x00000000e4600000, 0x00000000e4600000|100%| O|  |TAMS 0x00000000e4500000, 0x00000000e4500000| Untracked 
|  70|0x00000000e4600000, 0x00000000e4700000, 0x00000000e4700000|100%| O|  |TAMS 0x00000000e4600000, 0x00000000e4600000| Untracked 
|  71|0x00000000e4700000, 0x00000000e4800000, 0x00000000e4800000|100%| O|  |TAMS 0x00000000e4700000, 0x00000000e4700000| Untracked 
|  72|0x00000000e4800000, 0x00000000e4900000, 0x00000000e4900000|100%| O|  |TAMS 0x00000000e4800000, 0x00000000e4800000| Untracked 
|  73|0x00000000e4900000, 0x00000000e4a00000, 0x00000000e4a00000|100%| O|  |TAMS 0x00000000e4900000, 0x00000000e4900000| Untracked 
|  74|0x00000000e4a00000, 0x00000000e4b00000, 0x00000000e4b00000|100%| O|  |TAMS 0x00000000e4a00000, 0x00000000e4a00000| Untracked 
|  75|0x00000000e4b00000, 0x00000000e4c00000, 0x00000000e4c00000|100%| O|  |TAMS 0x00000000e4b00000, 0x00000000e4b00000| Untracked 
|  76|0x00000000e4c00000, 0x00000000e4d00000, 0x00000000e4d00000|100%| O|  |TAMS 0x00000000e4c00000, 0x00000000e4c00000| Untracked 
|  77|0x00000000e4d00000, 0x00000000e4e00000, 0x00000000e4e00000|100%| O|  |TAMS 0x00000000e4d00000, 0x00000000e4d00000| Untracked 
|  78|0x00000000e4e00000, 0x00000000e4f00000, 0x00000000e4f00000|100%| O|  |TAMS 0x00000000e4e00000, 0x00000000e4e00000| Untracked 
|  79|0x00000000e4f00000, 0x00000000e5000000, 0x00000000e5000000|100%| O|  |TAMS 0x00000000e4f00000, 0x00000000e4f00000| Untracked 
|  80|0x00000000e5000000, 0x00000000e5100000, 0x00000000e5100000|100%| O|  |TAMS 0x00000000e5000000, 0x00000000e5000000| Untracked 
|  81|0x00000000e5100000, 0x00000000e5200000, 0x00000000e5200000|100%| O|  |TAMS 0x00000000e5100000, 0x00000000e5100000| Untracked 
|  82|0x00000000e5200000, 0x00000000e5300000, 0x00000000e5300000|100%| O|  |TAMS 0x00000000e5200000, 0x00000000e5200000| Untracked 
|  83|0x00000000e5300000, 0x00000000e5400000, 0x00000000e5400000|100%| O|  |TAMS 0x00000000e5300000, 0x00000000e5300000| Untracked 
|  84|0x00000000e5400000, 0x00000000e5500000, 0x00000000e5500000|100%| O|  |TAMS 0x00000000e5400000, 0x00000000e5400000| Untracked 
|  85|0x00000000e5500000, 0x00000000e5600000, 0x00000000e5600000|100%| O|  |TAMS 0x00000000e5500000, 0x00000000e5500000| Untracked 
|  86|0x00000000e5600000, 0x00000000e5700000, 0x00000000e5700000|100%| O|  |TAMS 0x00000000e5600000, 0x00000000e5600000| Untracked 
|  87|0x00000000e5700000, 0x00000000e5800000, 0x00000000e5800000|100%| O|  |TAMS 0x00000000e5700000, 0x00000000e5700000| Untracked 
|  88|0x00000000e5800000, 0x00000000e5900000, 0x00000000e5900000|100%| O|  |TAMS 0x00000000e5800000, 0x00000000e5800000| Untracked 
|  89|0x00000000e5900000, 0x00000000e5a00000, 0x00000000e5a00000|100%| O|  |TAMS 0x00000000e5900000, 0x00000000e5900000| Untracked 
|  90|0x00000000e5a00000, 0x00000000e5b00000, 0x00000000e5b00000|100%|HS|  |TAMS 0x00000000e5a00000, 0x00000000e5a00000| Complete 
|  91|0x00000000e5b00000, 0x00000000e5c00000, 0x00000000e5c00000|100%| O|  |TAMS 0x00000000e5b00000, 0x00000000e5b00000| Untracked 
|  92|0x00000000e5c00000, 0x00000000e5d00000, 0x00000000e5d00000|100%| O|  |TAMS 0x00000000e5c00000, 0x00000000e5c00000| Untracked 
|  93|0x00000000e5d00000, 0x00000000e5e00000, 0x00000000e5e00000|100%| O|  |TAMS 0x00000000e5d00000, 0x00000000e5d00000| Untracked 
|  94|0x00000000e5e00000, 0x00000000e5f00000, 0x00000000e5f00000|100%| O|  |TAMS 0x00000000e5e00000, 0x00000000e5e00000| Untracked 
|  95|0x00000000e5f00000, 0x00000000e6000000, 0x00000000e6000000|100%| O|  |TAMS 0x00000000e5f00000, 0x00000000e5f00000| Untracked 
|  96|0x00000000e6000000, 0x00000000e6100000, 0x00000000e6100000|100%| O|  |TAMS 0x00000000e6000000, 0x00000000e6000000| Untracked 
|  97|0x00000000e6100000, 0x00000000e6200000, 0x00000000e6200000|100%| O|  |TAMS 0x00000000e6100000, 0x00000000e6100000| Untracked 
|  98|0x00000000e6200000, 0x00000000e6300000, 0x00000000e6300000|100%| O|  |TAMS 0x00000000e6200000, 0x00000000e6200000| Untracked 
|  99|0x00000000e6300000, 0x00000000e6400000, 0x00000000e6400000|100%| O|  |TAMS 0x00000000e6300000, 0x00000000e6300000| Untracked 
| 100|0x00000000e6400000, 0x00000000e6500000, 0x00000000e6500000|100%| O|  |TAMS 0x00000000e6400000, 0x00000000e6400000| Untracked 
| 101|0x00000000e6500000, 0x00000000e6600000, 0x00000000e6600000|100%| O|  |TAMS 0x00000000e6500000, 0x00000000e6500000| Untracked 
| 102|0x00000000e6600000, 0x00000000e6700000, 0x00000000e6700000|100%| O|  |TAMS 0x00000000e6600000, 0x00000000e6600000| Untracked 
| 103|0x00000000e6700000, 0x00000000e6800000, 0x00000000e6800000|100%| O|  |TAMS 0x00000000e6700000, 0x00000000e6700000| Untracked 
| 104|0x00000000e6800000, 0x00000000e6900000, 0x00000000e6900000|100%| O|  |TAMS 0x00000000e6800000, 0x00000000e6800000| Untracked 
| 105|0x00000000e6900000, 0x00000000e6a00000, 0x00000000e6a00000|100%| O|  |TAMS 0x00000000e6900000, 0x00000000e6900000| Untracked 
| 106|0x00000000e6a00000, 0x00000000e6abec00, 0x00000000e6b00000| 74%| O|  |TAMS 0x00000000e6a00000, 0x00000000e6a00000| Untracked 
| 107|0x00000000e6b00000, 0x00000000e6b00000, 0x00000000e6c00000|  0%| F|  |TAMS 0x00000000e6b00000, 0x00000000e6b00000| Untracked 
| 108|0x00000000e6c00000, 0x00000000e6c00000, 0x00000000e6d00000|  0%| F|  |TAMS 0x00000000e6c00000, 0x00000000e6c00000| Untracked 
| 109|0x00000000e6d00000, 0x00000000e6d00000, 0x00000000e6e00000|  0%| F|  |TAMS 0x00000000e6d00000, 0x00000000e6d00000| Untracked 
| 110|0x00000000e6e00000, 0x00000000e6e00000, 0x00000000e6f00000|  0%| F|  |TAMS 0x00000000e6e00000, 0x00000000e6e00000| Untracked 
| 111|0x00000000e6f00000, 0x00000000e6f00000, 0x00000000e7000000|  0%| F|  |TAMS 0x00000000e6f00000, 0x00000000e6f00000| Untracked 
| 112|0x00000000e7000000, 0x00000000e7000000, 0x00000000e7100000|  0%| F|  |TAMS 0x00000000e7000000, 0x00000000e7000000| Untracked 
| 113|0x00000000e7100000, 0x00000000e7100000, 0x00000000e7200000|  0%| F|  |TAMS 0x00000000e7100000, 0x00000000e7100000| Untracked 
| 114|0x00000000e7200000, 0x00000000e7200000, 0x00000000e7300000|  0%| F|  |TAMS 0x00000000e7200000, 0x00000000e7200000| Untracked 
| 115|0x00000000e7300000, 0x00000000e7300000, 0x00000000e7400000|  0%| F|  |TAMS 0x00000000e7300000, 0x00000000e7300000| Untracked 
| 116|0x00000000e7400000, 0x00000000e7400000, 0x00000000e7500000|  0%| F|  |TAMS 0x00000000e7400000, 0x00000000e7400000| Untracked 
| 117|0x00000000e7500000, 0x00000000e7500000, 0x00000000e7600000|  0%| F|  |TAMS 0x00000000e7500000, 0x00000000e7500000| Untracked 
| 118|0x00000000e7600000, 0x00000000e7600000, 0x00000000e7700000|  0%| F|  |TAMS 0x00000000e7600000, 0x00000000e7600000| Untracked 
| 119|0x00000000e7700000, 0x00000000e7700000, 0x00000000e7800000|  0%| F|  |TAMS 0x00000000e7700000, 0x00000000e7700000| Untracked 
| 120|0x00000000e7800000, 0x00000000e7800000, 0x00000000e7900000|  0%| F|  |TAMS 0x00000000e7800000, 0x00000000e7800000| Untracked 
| 121|0x00000000e7900000, 0x00000000e7900000, 0x00000000e7a00000|  0%| F|  |TAMS 0x00000000e7900000, 0x00000000e7900000| Untracked 
| 122|0x00000000e7a00000, 0x00000000e7a00000, 0x00000000e7b00000|  0%| F|  |TAMS 0x00000000e7a00000, 0x00000000e7a00000| Untracked 
| 123|0x00000000e7b00000, 0x00000000e7b00000, 0x00000000e7c00000|  0%| F|  |TAMS 0x00000000e7b00000, 0x00000000e7b00000| Untracked 
| 124|0x00000000e7c00000, 0x00000000e7c00000, 0x00000000e7d00000|  0%| F|  |TAMS 0x00000000e7c00000, 0x00000000e7c00000| Untracked 
| 125|0x00000000e7d00000, 0x00000000e7d00000, 0x00000000e7e00000|  0%| F|  |TAMS 0x00000000e7d00000, 0x00000000e7d00000| Untracked 
| 126|0x00000000e7e00000, 0x00000000e7e00000, 0x00000000e7f00000|  0%| F|  |TAMS 0x00000000e7e00000, 0x00000000e7e00000| Untracked 
| 127|0x00000000e7f00000, 0x00000000e7f00000, 0x00000000e8000000|  0%| F|  |TAMS 0x00000000e7f00000, 0x00000000e7f00000| Untracked 
| 128|0x00000000e8000000, 0x00000000e8000000, 0x00000000e8100000|  0%| F|  |TAMS 0x00000000e8000000, 0x00000000e8000000| Untracked 
| 129|0x00000000e8100000, 0x00000000e8100000, 0x00000000e8200000|  0%| F|  |TAMS 0x00000000e8100000, 0x00000000e8100000| Untracked 
| 130|0x00000000e8200000, 0x00000000e8200000, 0x00000000e8300000|  0%| F|  |TAMS 0x00000000e8200000, 0x00000000e8200000| Untracked 
| 131|0x00000000e8300000, 0x00000000e8300000, 0x00000000e8400000|  0%| F|  |TAMS 0x00000000e8300000, 0x00000000e8300000| Untracked 
| 132|0x00000000e8400000, 0x00000000e8400000, 0x00000000e8500000|  0%| F|  |TAMS 0x00000000e8400000, 0x00000000e8400000| Untracked 
| 133|0x00000000e8500000, 0x00000000e8500000, 0x00000000e8600000|  0%| F|  |TAMS 0x00000000e8500000, 0x00000000e8500000| Untracked 
| 134|0x00000000e8600000, 0x00000000e8600000, 0x00000000e8700000|  0%| F|  |TAMS 0x00000000e8600000, 0x00000000e8600000| Untracked 
| 135|0x00000000e8700000, 0x00000000e8700000, 0x00000000e8800000|  0%| F|  |TAMS 0x00000000e8700000, 0x00000000e8700000| Untracked 
| 136|0x00000000e8800000, 0x00000000e8800000, 0x00000000e8900000|  0%| F|  |TAMS 0x00000000e8800000, 0x00000000e8800000| Untracked 
| 137|0x00000000e8900000, 0x00000000e8900000, 0x00000000e8a00000|  0%| F|  |TAMS 0x00000000e8900000, 0x00000000e8900000| Untracked 
| 138|0x00000000e8a00000, 0x00000000e8a00000, 0x00000000e8b00000|  0%| F|  |TAMS 0x00000000e8a00000, 0x00000000e8a00000| Untracked 
| 139|0x00000000e8b00000, 0x00000000e8b00000, 0x00000000e8c00000|  0%| F|  |TAMS 0x00000000e8b00000, 0x00000000e8b00000| Untracked 
| 140|0x00000000e8c00000, 0x00000000e8c00000, 0x00000000e8d00000|  0%| F|  |TAMS 0x00000000e8c00000, 0x00000000e8c00000| Untracked 
| 141|0x00000000e8d00000, 0x00000000e8d00000, 0x00000000e8e00000|  0%| F|  |TAMS 0x00000000e8d00000, 0x00000000e8d00000| Untracked 
| 142|0x00000000e8e00000, 0x00000000e8e00000, 0x00000000e8f00000|  0%| F|  |TAMS 0x00000000e8e00000, 0x00000000e8e00000| Untracked 
| 143|0x00000000e8f00000, 0x00000000e8f00000, 0x00000000e9000000|  0%| F|  |TAMS 0x00000000e8f00000, 0x00000000e8f00000| Untracked 
| 144|0x00000000e9000000, 0x00000000e9000000, 0x00000000e9100000|  0%| F|  |TAMS 0x00000000e9000000, 0x00000000e9000000| Untracked 
| 145|0x00000000e9100000, 0x00000000e9100000, 0x00000000e9200000|  0%| F|  |TAMS 0x00000000e9100000, 0x00000000e9100000| Untracked 
| 146|0x00000000e9200000, 0x00000000e9200000, 0x00000000e9300000|  0%| F|  |TAMS 0x00000000e9200000, 0x00000000e9200000| Untracked 
| 147|0x00000000e9300000, 0x00000000e9300000, 0x00000000e9400000|  0%| F|  |TAMS 0x00000000e9300000, 0x00000000e9300000| Untracked 
| 148|0x00000000e9400000, 0x00000000e9400000, 0x00000000e9500000|  0%| F|  |TAMS 0x00000000e9400000, 0x00000000e9400000| Untracked 
| 149|0x00000000e9500000, 0x00000000e95eeb98, 0x00000000e9600000| 93%| S|CS|TAMS 0x00000000e9500000, 0x00000000e9500000| Complete 
| 150|0x00000000e9600000, 0x00000000e9700000, 0x00000000e9700000|100%| S|CS|TAMS 0x00000000e9600000, 0x00000000e9600000| Complete 
| 151|0x00000000e9700000, 0x00000000e9700000, 0x00000000e9800000|  0%| F|  |TAMS 0x00000000e9700000, 0x00000000e9700000| Untracked 
| 152|0x00000000e9800000, 0x00000000e9800000, 0x00000000e9900000|  0%| F|  |TAMS 0x00000000e9800000, 0x00000000e9800000| Untracked 
| 153|0x00000000e9900000, 0x00000000e9900000, 0x00000000e9a00000|  0%| F|  |TAMS 0x00000000e9900000, 0x00000000e9900000| Untracked 
| 154|0x00000000e9a00000, 0x00000000e9a00000, 0x00000000e9b00000|  0%| F|  |TAMS 0x00000000e9a00000, 0x00000000e9a00000| Untracked 
| 155|0x00000000e9b00000, 0x00000000e9c00000, 0x00000000e9c00000|100%| S|CS|TAMS 0x00000000e9b00000, 0x00000000e9b00000| Complete 
| 156|0x00000000e9c00000, 0x00000000e9d00000, 0x00000000e9d00000|100%| S|CS|TAMS 0x00000000e9c00000, 0x00000000e9c00000| Complete 
| 157|0x00000000e9d00000, 0x00000000e9e00000, 0x00000000e9e00000|100%| S|CS|TAMS 0x00000000e9d00000, 0x00000000e9d00000| Complete 
| 158|0x00000000e9e00000, 0x00000000e9f00000, 0x00000000e9f00000|100%| S|CS|TAMS 0x00000000e9e00000, 0x00000000e9e00000| Complete 
| 159|0x00000000e9f00000, 0x00000000e9f00000, 0x00000000ea000000|  0%| F|  |TAMS 0x00000000e9f00000, 0x00000000e9f00000| Untracked 
| 160|0x00000000ea000000, 0x00000000ea000000, 0x00000000ea100000|  0%| F|  |TAMS 0x00000000ea000000, 0x00000000ea000000| Untracked 
| 161|0x00000000ea100000, 0x00000000ea100000, 0x00000000ea200000|  0%| F|  |TAMS 0x00000000ea100000, 0x00000000ea100000| Untracked 
| 162|0x00000000ea200000, 0x00000000ea200000, 0x00000000ea300000|  0%| F|  |TAMS 0x00000000ea200000, 0x00000000ea200000| Untracked 
| 163|0x00000000ea300000, 0x00000000ea300000, 0x00000000ea400000|  0%| F|  |TAMS 0x00000000ea300000, 0x00000000ea300000| Untracked 
| 164|0x00000000ea400000, 0x00000000ea400000, 0x00000000ea500000|  0%| F|  |TAMS 0x00000000ea400000, 0x00000000ea400000| Untracked 
| 165|0x00000000ea500000, 0x00000000ea500000, 0x00000000ea600000|  0%| F|  |TAMS 0x00000000ea500000, 0x00000000ea500000| Untracked 
| 166|0x00000000ea600000, 0x00000000ea600000, 0x00000000ea700000|  0%| F|  |TAMS 0x00000000ea600000, 0x00000000ea600000| Untracked 
| 167|0x00000000ea700000, 0x00000000ea700000, 0x00000000ea800000|  0%| F|  |TAMS 0x00000000ea700000, 0x00000000ea700000| Untracked 
| 168|0x00000000ea800000, 0x00000000ea800000, 0x00000000ea900000|  0%| F|  |TAMS 0x00000000ea800000, 0x00000000ea800000| Untracked 
| 169|0x00000000ea900000, 0x00000000ea900000, 0x00000000eaa00000|  0%| F|  |TAMS 0x00000000ea900000, 0x00000000ea900000| Untracked 
| 170|0x00000000eaa00000, 0x00000000eaa00000, 0x00000000eab00000|  0%| F|  |TAMS 0x00000000eaa00000, 0x00000000eaa00000| Untracked 
| 171|0x00000000eab00000, 0x00000000eab00000, 0x00000000eac00000|  0%| F|  |TAMS 0x00000000eab00000, 0x00000000eab00000| Untracked 
| 172|0x00000000eac00000, 0x00000000eac00000, 0x00000000ead00000|  0%| F|  |TAMS 0x00000000eac00000, 0x00000000eac00000| Untracked 
| 173|0x00000000ead00000, 0x00000000ead00000, 0x00000000eae00000|  0%| F|  |TAMS 0x00000000ead00000, 0x00000000ead00000| Untracked 
| 174|0x00000000eae00000, 0x00000000eae00000, 0x00000000eaf00000|  0%| F|  |TAMS 0x00000000eae00000, 0x00000000eae00000| Untracked 
| 175|0x00000000eaf00000, 0x00000000eaf00000, 0x00000000eb000000|  0%| F|  |TAMS 0x00000000eaf00000, 0x00000000eaf00000| Untracked 
| 176|0x00000000eb000000, 0x00000000eb000000, 0x00000000eb100000|  0%| F|  |TAMS 0x00000000eb000000, 0x00000000eb000000| Untracked 
| 177|0x00000000eb100000, 0x00000000eb100000, 0x00000000eb200000|  0%| F|  |TAMS 0x00000000eb100000, 0x00000000eb100000| Untracked 
| 178|0x00000000eb200000, 0x00000000eb200000, 0x00000000eb300000|  0%| F|  |TAMS 0x00000000eb200000, 0x00000000eb200000| Untracked 
| 179|0x00000000eb300000, 0x00000000eb300000, 0x00000000eb400000|  0%| F|  |TAMS 0x00000000eb300000, 0x00000000eb300000| Untracked 
| 180|0x00000000eb400000, 0x00000000eb400000, 0x00000000eb500000|  0%| F|  |TAMS 0x00000000eb400000, 0x00000000eb400000| Untracked 
| 181|0x00000000eb500000, 0x00000000eb500000, 0x00000000eb600000|  0%| F|  |TAMS 0x00000000eb500000, 0x00000000eb500000| Untracked 
| 182|0x00000000eb600000, 0x00000000eb600000, 0x00000000eb700000|  0%| F|  |TAMS 0x00000000eb600000, 0x00000000eb600000| Untracked 
| 183|0x00000000eb700000, 0x00000000eb700000, 0x00000000eb800000|  0%| F|  |TAMS 0x00000000eb700000, 0x00000000eb700000| Untracked 
| 184|0x00000000eb800000, 0x00000000eb800000, 0x00000000eb900000|  0%| F|  |TAMS 0x00000000eb800000, 0x00000000eb800000| Untracked 
| 185|0x00000000eb900000, 0x00000000eb900000, 0x00000000eba00000|  0%| F|  |TAMS 0x00000000eb900000, 0x00000000eb900000| Untracked 
| 186|0x00000000eba00000, 0x00000000eba00000, 0x00000000ebb00000|  0%| F|  |TAMS 0x00000000eba00000, 0x00000000eba00000| Untracked 
| 187|0x00000000ebb00000, 0x00000000ebb00000, 0x00000000ebc00000|  0%| F|  |TAMS 0x00000000ebb00000, 0x00000000ebb00000| Untracked 
| 188|0x00000000ebc00000, 0x00000000ebc00000, 0x00000000ebd00000|  0%| F|  |TAMS 0x00000000ebc00000, 0x00000000ebc00000| Untracked 
| 189|0x00000000ebd00000, 0x00000000ebd00000, 0x00000000ebe00000|  0%| F|  |TAMS 0x00000000ebd00000, 0x00000000ebd00000| Untracked 
| 190|0x00000000ebe00000, 0x00000000ebe00000, 0x00000000ebf00000|  0%| F|  |TAMS 0x00000000ebe00000, 0x00000000ebe00000| Untracked 
| 191|0x00000000ebf00000, 0x00000000ebf00000, 0x00000000ec000000|  0%| F|  |TAMS 0x00000000ebf00000, 0x00000000ebf00000| Untracked 
| 192|0x00000000ec000000, 0x00000000ec000000, 0x00000000ec100000|  0%| F|  |TAMS 0x00000000ec000000, 0x00000000ec000000| Untracked 
| 193|0x00000000ec100000, 0x00000000ec100000, 0x00000000ec200000|  0%| F|  |TAMS 0x00000000ec100000, 0x00000000ec100000| Untracked 
| 194|0x00000000ec200000, 0x00000000ec200000, 0x00000000ec300000|  0%| F|  |TAMS 0x00000000ec200000, 0x00000000ec200000| Untracked 
| 195|0x00000000ec300000, 0x00000000ec300000, 0x00000000ec400000|  0%| F|  |TAMS 0x00000000ec300000, 0x00000000ec300000| Untracked 
| 196|0x00000000ec400000, 0x00000000ec400000, 0x00000000ec500000|  0%| F|  |TAMS 0x00000000ec400000, 0x00000000ec400000| Untracked 
| 197|0x00000000ec500000, 0x00000000ec500000, 0x00000000ec600000|  0%| F|  |TAMS 0x00000000ec500000, 0x00000000ec500000| Untracked 
| 198|0x00000000ec600000, 0x00000000ec600000, 0x00000000ec700000|  0%| F|  |TAMS 0x00000000ec600000, 0x00000000ec600000| Untracked 
| 199|0x00000000ec700000, 0x00000000ec700000, 0x00000000ec800000|  0%| F|  |TAMS 0x00000000ec700000, 0x00000000ec700000| Untracked 
| 200|0x00000000ec800000, 0x00000000ec800000, 0x00000000ec900000|  0%| F|  |TAMS 0x00000000ec800000, 0x00000000ec800000| Untracked 
| 201|0x00000000ec900000, 0x00000000ec900000, 0x00000000eca00000|  0%| F|  |TAMS 0x00000000ec900000, 0x00000000ec900000| Untracked 
| 202|0x00000000eca00000, 0x00000000eca00000, 0x00000000ecb00000|  0%| F|  |TAMS 0x00000000eca00000, 0x00000000eca00000| Untracked 
| 203|0x00000000ecb00000, 0x00000000ecb00000, 0x00000000ecc00000|  0%| F|  |TAMS 0x00000000ecb00000, 0x00000000ecb00000| Untracked 
| 204|0x00000000ecc00000, 0x00000000ecc00000, 0x00000000ecd00000|  0%| F|  |TAMS 0x00000000ecc00000, 0x00000000ecc00000| Untracked 
| 205|0x00000000ecd00000, 0x00000000ecdbef28, 0x00000000ece00000| 74%| E|  |TAMS 0x00000000ecd00000, 0x00000000ecd00000| Complete 
| 206|0x00000000ece00000, 0x00000000ecf00000, 0x00000000ecf00000|100%| E|CS|TAMS 0x00000000ece00000, 0x00000000ece00000| Complete 
| 207|0x00000000ecf00000, 0x00000000ed000000, 0x00000000ed000000|100%| E|CS|TAMS 0x00000000ecf00000, 0x00000000ecf00000| Complete 
| 208|0x00000000ed000000, 0x00000000ed100000, 0x00000000ed100000|100%| E|CS|TAMS 0x00000000ed000000, 0x00000000ed000000| Complete 
| 209|0x00000000ed100000, 0x00000000ed200000, 0x00000000ed200000|100%| E|CS|TAMS 0x00000000ed100000, 0x00000000ed100000| Complete 
| 210|0x00000000ed200000, 0x00000000ed300000, 0x00000000ed300000|100%| E|CS|TAMS 0x00000000ed200000, 0x00000000ed200000| Complete 
| 211|0x00000000ed300000, 0x00000000ed400000, 0x00000000ed400000|100%| E|CS|TAMS 0x00000000ed300000, 0x00000000ed300000| Complete 
| 212|0x00000000ed400000, 0x00000000ed500000, 0x00000000ed500000|100%| E|CS|TAMS 0x00000000ed400000, 0x00000000ed400000| Complete 
| 213|0x00000000ed500000, 0x00000000ed600000, 0x00000000ed600000|100%| E|CS|TAMS 0x00000000ed500000, 0x00000000ed500000| Complete 
| 214|0x00000000ed600000, 0x00000000ed700000, 0x00000000ed700000|100%| E|CS|TAMS 0x00000000ed600000, 0x00000000ed600000| Complete 
| 215|0x00000000ed700000, 0x00000000ed800000, 0x00000000ed800000|100%| E|CS|TAMS 0x00000000ed700000, 0x00000000ed700000| Complete 
| 216|0x00000000ed800000, 0x00000000ed900000, 0x00000000ed900000|100%| E|CS|TAMS 0x00000000ed800000, 0x00000000ed800000| Complete 
| 217|0x00000000ed900000, 0x00000000eda00000, 0x00000000eda00000|100%| E|CS|TAMS 0x00000000ed900000, 0x00000000ed900000| Complete 
| 218|0x00000000eda00000, 0x00000000edb00000, 0x00000000edb00000|100%| E|CS|TAMS 0x00000000eda00000, 0x00000000eda00000| Complete 
| 219|0x00000000edb00000, 0x00000000edc00000, 0x00000000edc00000|100%| E|CS|TAMS 0x00000000edb00000, 0x00000000edb00000| Complete 
| 220|0x00000000edc00000, 0x00000000edd00000, 0x00000000edd00000|100%| E|CS|TAMS 0x00000000edc00000, 0x00000000edc00000| Complete 
| 221|0x00000000edd00000, 0x00000000ede00000, 0x00000000ede00000|100%| E|CS|TAMS 0x00000000edd00000, 0x00000000edd00000| Complete 
| 222|0x00000000ede00000, 0x00000000edf00000, 0x00000000edf00000|100%| E|CS|TAMS 0x00000000ede00000, 0x00000000ede00000| Complete 
| 223|0x00000000edf00000, 0x00000000ee000000, 0x00000000ee000000|100%| E|CS|TAMS 0x00000000edf00000, 0x00000000edf00000| Complete 
| 224|0x00000000ee000000, 0x00000000ee100000, 0x00000000ee100000|100%| E|CS|TAMS 0x00000000ee000000, 0x00000000ee000000| Complete 
| 225|0x00000000ee100000, 0x00000000ee200000, 0x00000000ee200000|100%| E|CS|TAMS 0x00000000ee100000, 0x00000000ee100000| Complete 
| 226|0x00000000ee200000, 0x00000000ee300000, 0x00000000ee300000|100%| E|CS|TAMS 0x00000000ee200000, 0x00000000ee200000| Complete 
| 227|0x00000000ee300000, 0x00000000ee400000, 0x00000000ee400000|100%| E|CS|TAMS 0x00000000ee300000, 0x00000000ee300000| Complete 
| 228|0x00000000ee400000, 0x00000000ee500000, 0x00000000ee500000|100%| E|CS|TAMS 0x00000000ee400000, 0x00000000ee400000| Complete 
| 229|0x00000000ee500000, 0x00000000ee600000, 0x00000000ee600000|100%| E|CS|TAMS 0x00000000ee500000, 0x00000000ee500000| Complete 
| 230|0x00000000ee600000, 0x00000000ee700000, 0x00000000ee700000|100%| E|CS|TAMS 0x00000000ee600000, 0x00000000ee600000| Complete 
| 231|0x00000000ee700000, 0x00000000ee800000, 0x00000000ee800000|100%| E|CS|TAMS 0x00000000ee700000, 0x00000000ee700000| Complete 
| 232|0x00000000ee800000, 0x00000000ee900000, 0x00000000ee900000|100%| E|CS|TAMS 0x00000000ee800000, 0x00000000ee800000| Complete 
| 233|0x00000000ee900000, 0x00000000eea00000, 0x00000000eea00000|100%| E|CS|TAMS 0x00000000ee900000, 0x00000000ee900000| Complete 
| 234|0x00000000eea00000, 0x00000000eeb00000, 0x00000000eeb00000|100%| E|CS|TAMS 0x00000000eea00000, 0x00000000eea00000| Complete 
| 235|0x00000000eeb00000, 0x00000000eec00000, 0x00000000eec00000|100%| E|CS|TAMS 0x00000000eeb00000, 0x00000000eeb00000| Complete 
| 236|0x00000000eec00000, 0x00000000eed00000, 0x00000000eed00000|100%| E|CS|TAMS 0x00000000eec00000, 0x00000000eec00000| Complete 
| 237|0x00000000eed00000, 0x00000000eee00000, 0x00000000eee00000|100%| E|CS|TAMS 0x00000000eed00000, 0x00000000eed00000| Complete 
| 238|0x00000000eee00000, 0x00000000eef00000, 0x00000000eef00000|100%| E|CS|TAMS 0x00000000eee00000, 0x00000000eee00000| Complete 
| 239|0x00000000eef00000, 0x00000000ef000000, 0x00000000ef000000|100%| E|CS|TAMS 0x00000000eef00000, 0x00000000eef00000| Complete 
| 240|0x00000000ef000000, 0x00000000ef100000, 0x00000000ef100000|100%| E|CS|TAMS 0x00000000ef000000, 0x00000000ef000000| Complete 
| 241|0x00000000ef100000, 0x00000000ef200000, 0x00000000ef200000|100%| E|CS|TAMS 0x00000000ef100000, 0x00000000ef100000| Complete 
| 242|0x00000000ef200000, 0x00000000ef300000, 0x00000000ef300000|100%| E|CS|TAMS 0x00000000ef200000, 0x00000000ef200000| Complete 
| 243|0x00000000ef300000, 0x00000000ef400000, 0x00000000ef400000|100%| E|CS|TAMS 0x00000000ef300000, 0x00000000ef300000| Complete 
| 244|0x00000000ef400000, 0x00000000ef500000, 0x00000000ef500000|100%| E|CS|TAMS 0x00000000ef400000, 0x00000000ef400000| Complete 
| 245|0x00000000ef500000, 0x00000000ef600000, 0x00000000ef600000|100%| E|CS|TAMS 0x00000000ef500000, 0x00000000ef500000| Complete 
| 246|0x00000000ef600000, 0x00000000ef700000, 0x00000000ef700000|100%| E|CS|TAMS 0x00000000ef600000, 0x00000000ef600000| Complete 
| 247|0x00000000ef700000, 0x00000000ef800000, 0x00000000ef800000|100%| E|CS|TAMS 0x00000000ef700000, 0x00000000ef700000| Complete 
| 248|0x00000000ef800000, 0x00000000ef900000, 0x00000000ef900000|100%| E|CS|TAMS 0x00000000ef800000, 0x00000000ef800000| Complete 
| 249|0x00000000ef900000, 0x00000000efa00000, 0x00000000efa00000|100%| E|CS|TAMS 0x00000000ef900000, 0x00000000ef900000| Complete 
| 250|0x00000000efa00000, 0x00000000efb00000, 0x00000000efb00000|100%| E|CS|TAMS 0x00000000efa00000, 0x00000000efa00000| Complete 
| 251|0x00000000efb00000, 0x00000000efc00000, 0x00000000efc00000|100%| E|CS|TAMS 0x00000000efb00000, 0x00000000efb00000| Complete 
| 252|0x00000000efc00000, 0x00000000efd00000, 0x00000000efd00000|100%| E|CS|TAMS 0x00000000efc00000, 0x00000000efc00000| Complete 
| 253|0x00000000efd00000, 0x00000000efe00000, 0x00000000efe00000|100%| E|CS|TAMS 0x00000000efd00000, 0x00000000efd00000| Complete 
| 254|0x00000000efe00000, 0x00000000eff00000, 0x00000000eff00000|100%| E|CS|TAMS 0x00000000efe00000, 0x00000000efe00000| Complete 
| 255|0x00000000eff00000, 0x00000000f0000000, 0x00000000f0000000|100%| E|CS|TAMS 0x00000000eff00000, 0x00000000eff00000| Complete 

Card table byte_map: [0x0000020f7e280000,0x0000020f7e380000] _byte_map_base: 0x0000020f7db80000

Marking Bits (Prev, Next): (CMBitMap*) 0x0000020f7be967b0, (CMBitMap*) 0x0000020f7be967f0
 Prev Bits: [0x0000020f7e480000, 0x0000020f7ec80000)
 Next Bits: [0x0000020f7ec80000, 0x0000020f7f480000)

Polling page: 0x0000020f7bf40000

Metaspace:

Usage:
  Non-class:     63.73 MB used.
      Class:      9.45 MB used.
       Both:     73.18 MB used.

Virtual space:
  Non-class space:       72.00 MB reserved,      64.31 MB ( 89%) committed,  9 nodes.
      Class space:      208.00 MB reserved,      10.00 MB (  5%) committed,  1 nodes.
             Both:      280.00 MB reserved,      74.31 MB ( 27%) committed. 

Chunk freelists:
   Non-Class:  3.44 MB
       Class:  1.96 MB
        Both:  5.40 MB

MaxMetaspaceSize: 256.00 MB
CompressedClassSpaceSize: 208.00 MB
Initial GC threshold: 21.00 MB
Current GC threshold: 107.00 MB
CDS: on
MetaspaceReclaimPolicy: balanced
 - commit_granule_bytes: 65536.
 - commit_granule_words: 8192.
 - virtual_space_node_default_size: 1048576.
 - enlarge_chunks_in_place: 1.
 - new_chunks_are_fully_committed: 0.
 - uncommit_free_chunks: 1.
 - use_allocation_guard: 0.
 - handle_deallocations: 1.


Internal statistics:

num_allocs_failed_limit: 21.
num_arena_births: 1950.
num_arena_deaths: 214.
num_vsnodes_births: 10.
num_vsnodes_deaths: 0.
num_space_committed: 1205.
num_space_uncommitted: 16.
num_chunks_returned_to_freelist: 355.
num_chunks_taken_from_freelist: 5563.
num_chunk_merges: 109.
num_chunk_splits: 3258.
num_chunks_enlarged: 1733.
num_purges: 4.
num_inconsistent_stats: 0.

CodeHeap 'non-profiled nmethods': size=120000Kb used=17818Kb max_used=17818Kb free=102181Kb
 bounds [0x0000020f0f500000, 0x0000020f10670000, 0x0000020f16a30000]
CodeHeap 'profiled nmethods': size=120000Kb used=31060Kb max_used=31089Kb free=88940Kb
 bounds [0x0000020f07fd0000, 0x0000020f09e40000, 0x0000020f0f500000]
CodeHeap 'non-nmethods': size=5760Kb used=2359Kb max_used=2467Kb free=3400Kb
 bounds [0x0000020f07a30000, 0x0000020f07cb0000, 0x0000020f07fd0000]
 total_blobs=16914 nmethods=16031 adapters=794
 compilation: enabled
              stopped_count=0, restarted_count=0
 full_count=0

Compilation events (20 events):
Event: 27061.951 Thread 0x0000020f7ff214c0 19714   !   4       org.gradle.launcher.daemon.registry.PersistentDaemonRegistry::getDaemonsMatching (104 bytes)
Event: 27062.001 Thread 0x0000020f7ff214c0 nmethod 19714 0x0000020f10663b90 code [0x0000020f10663da0, 0x0000020f10664fe8]
Event: 27062.001 Thread 0x0000020f7ff214c0 19715       4       org.gradle.launcher.daemon.registry.PersistentDaemonRegistry$1::isSatisfiedBy (9 bytes)
Event: 27062.001 Thread 0x0000020f7ff214c0 nmethod 19715 0x0000020f10665990 code [0x0000020f10665b20, 0x0000020f10665bd8]
Event: 27221.962 Thread 0x0000020f7ff214c0 19716       4       java.util.Date::getMillisOf (55 bytes)
Event: 27221.966 Thread 0x0000020f7ff214c0 nmethod 19716 0x0000020f10665d10 code [0x0000020f10665e80, 0x0000020f10665f38]
Event: 27564.790 Thread 0x0000020f7ff261b0 19717       3       java.nio.channels.spi.AbstractSelectableChannel::<init> (42 bytes)
Event: 27564.790 Thread 0x0000020f7ff261b0 nmethod 19717 0x0000020f09e0b210 code [0x0000020f09e0b3e0, 0x0000020f09e0b9d8]
Event: 27564.790 Thread 0x0000020f7ff261b0 19718       3       java.nio.channels.SelectableChannel::<init> (5 bytes)
Event: 27564.791 Thread 0x0000020f7ff261b0 nmethod 19718 0x0000020f09e0bb90 code [0x0000020f09e0bd40, 0x0000020f09e0c018]
Event: 27564.791 Thread 0x0000020f7ff261b0 19719       1       java.net.UnixDomainSocketAddress::getPath (5 bytes)
Event: 27564.791 Thread 0x0000020f7ff261b0 nmethod 19719 0x0000020f10666010 code [0x0000020f106661a0, 0x0000020f10666278]
Event: 27564.792 Thread 0x0000020f7ff261b0 19720       1       sun.nio.ch.SocketChannelImpl::getFDVal (5 bytes)
Event: 27564.792 Thread 0x0000020f7ff261b0 nmethod 19720 0x0000020f10666310 code [0x0000020f106664a0, 0x0000020f10666578]
Event: 27564.843 Thread 0x0000020f7ff261b0 19721       3       jdk.internal.reflect.AccessorGenerator::emitBoxingContantPoolEntries (1439 bytes)
Event: 27564.850 Thread 0x0000020f7ff214c0 19722       4       org.gradle.internal.service.DefaultServiceRegistry$SingletonService::bind (1 bytes)
Event: 27564.850 Thread 0x0000020f7ff214c0 nmethod 19722 0x0000020f10666610 code [0x0000020f10666780, 0x0000020f106667f8]
Event: 27564.880 Thread 0x0000020f7ff261b0 nmethod 19721 0x0000020f09e0c110 code [0x0000020f09e0eae0, 0x0000020f09e26438]
Event: 27564.891 Thread 0x0000020f7ff261b0 19723   !   3       jdk.internal.reflect.BootstrapConstructorAccessorImpl::newInstance (24 bytes)
Event: 27564.891 Thread 0x0000020f7ff261b0 nmethod 19723 0x0000020f09e30710 code [0x0000020f09e308c0, 0x0000020f09e30b18]

GC Heap History (20 events):
Event: 21993.074 GC heap before
{Heap before GC invocations=40 (full 0):
 garbage-first heap   total 262144K, used 210867K [0x00000000e0000000, 0x0000000100000000)
  region size 1024K, 122 young (124928K), 5 survivors (5120K)
 Metaspace       used 71391K, committed 72448K, reserved 278528K
  class space    used 9292K, committed 9792K, reserved 212992K
}
Event: 21993.081 GC heap after
{Heap after GC invocations=41 (full 0):
 garbage-first heap   total 262144K, used 100141K [0x00000000e0000000, 0x0000000100000000)
  region size 1024K, 13 young (13312K), 13 survivors (13312K)
 Metaspace       used 71391K, committed 72448K, reserved 278528K
  class space    used 9292K, committed 9792K, reserved 212992K
}
Event: 23069.891 GC heap before
{Heap before GC invocations=41 (full 0):
 garbage-first heap   total 262144K, used 210733K [0x00000000e0000000, 0x0000000100000000)
  region size 1024K, 122 young (124928K), 13 survivors (13312K)
 Metaspace       used 71447K, committed 72512K, reserved 278528K
  class space    used 9294K, committed 9792K, reserved 212992K
}
Event: 23069.900 GC heap after
{Heap after GC invocations=42 (full 0):
 garbage-first heap   total 262144K, used 96051K [0x00000000e0000000, 0x0000000100000000)
  region size 1024K, 6 young (6144K), 6 survivors (6144K)
 Metaspace       used 71447K, committed 72512K, reserved 278528K
  class space    used 9294K, committed 9792K, reserved 212992K
}
Event: 23071.457 GC heap before
{Heap before GC invocations=42 (full 0):
 garbage-first heap   total 262144K, used 213811K [0x00000000e0000000, 0x0000000100000000)
  region size 1024K, 120 young (122880K), 6 survivors (6144K)
 Metaspace       used 71523K, committed 72640K, reserved 278528K
  class space    used 9300K, committed 9856K, reserved 212992K
}
Event: 23071.463 GC heap after
{Heap after GC invocations=43 (full 0):
 garbage-first heap   total 262144K, used 102088K [0x00000000e0000000, 0x0000000100000000)
  region size 1024K, 12 young (12288K), 12 survivors (12288K)
 Metaspace       used 71523K, committed 72640K, reserved 278528K
  class space    used 9300K, committed 9856K, reserved 212992K
}
Event: 23147.440 GC heap before
{Heap before GC invocations=43 (full 0):
 garbage-first heap   total 262144K, used 211656K [0x00000000e0000000, 0x0000000100000000)
  region size 1024K, 119 young (121856K), 12 survivors (12288K)
 Metaspace       used 73086K, committed 74176K, reserved 278528K
  class space    used 9472K, committed 9984K, reserved 212992K
}
Event: 23147.444 GC heap after
{Heap after GC invocations=44 (full 0):
 garbage-first heap   total 262144K, used 100110K [0x00000000e0000000, 0x0000000100000000)
  region size 1024K, 8 young (8192K), 8 survivors (8192K)
 Metaspace       used 73086K, committed 74176K, reserved 278528K
  class space    used 9472K, committed 9984K, reserved 212992K
}
Event: 23148.026 GC heap before
{Heap before GC invocations=44 (full 0):
 garbage-first heap   total 262144K, used 211726K [0x00000000e0000000, 0x0000000100000000)
  region size 1024K, 118 young (120832K), 8 survivors (8192K)
 Metaspace       used 73090K, committed 74176K, reserved 278528K
  class space    used 9473K, committed 9984K, reserved 212992K
}
Event: 23148.032 GC heap after
{Heap after GC invocations=45 (full 0):
 garbage-first heap   total 262144K, used 101436K [0x00000000e0000000, 0x0000000100000000)
  region size 1024K, 11 young (11264K), 11 survivors (11264K)
 Metaspace       used 73090K, committed 74176K, reserved 278528K
  class space    used 9473K, committed 9984K, reserved 212992K
}
Event: 23148.932 GC heap before
{Heap before GC invocations=45 (full 0):
 garbage-first heap   total 262144K, used 212028K [0x00000000e0000000, 0x0000000100000000)
  region size 1024K, 118 young (120832K), 11 survivors (11264K)
 Metaspace       used 74424K, committed 75584K, reserved 286720K
  class space    used 9626K, committed 10176K, reserved 212992K
}
Event: 23148.943 GC heap after
{Heap after GC invocations=46 (full 0):
 garbage-first heap   total 262144K, used 113973K [0x00000000e0000000, 0x0000000100000000)
  region size 1024K, 15 young (15360K), 15 survivors (15360K)
 Metaspace       used 74424K, committed 75584K, reserved 286720K
  class space    used 9626K, committed 10176K, reserved 212992K
}
Event: 23176.279 GC heap before
{Heap before GC invocations=46 (full 0):
 garbage-first heap   total 262144K, used 202037K [0x00000000e0000000, 0x0000000100000000)
  region size 1024K, 102 young (104448K), 15 survivors (15360K)
 Metaspace       used 74729K, committed 75840K, reserved 286720K
  class space    used 9652K, committed 10176K, reserved 212992K
}
Event: 23176.287 GC heap after
{Heap after GC invocations=47 (full 0):
 garbage-first heap   total 262144K, used 116475K [0x00000000e0000000, 0x0000000100000000)
  region size 1024K, 7 young (7168K), 7 survivors (7168K)
 Metaspace       used 74729K, committed 75840K, reserved 286720K
  class space    used 9652K, committed 10176K, reserved 212992K
}
Event: 23176.559 GC heap before
{Heap before GC invocations=47 (full 0):
 garbage-first heap   total 262144K, used 205563K [0x00000000e0000000, 0x0000000100000000)
  region size 1024K, 94 young (96256K), 7 survivors (7168K)
 Metaspace       used 74733K, committed 75840K, reserved 286720K
  class space    used 9652K, committed 10176K, reserved 212992K
}
Event: 23176.565 GC heap after
{Heap after GC invocations=48 (full 0):
 garbage-first heap   total 262144K, used 115637K [0x00000000e0000000, 0x0000000100000000)
  region size 1024K, 7 young (7168K), 7 survivors (7168K)
 Metaspace       used 74733K, committed 75840K, reserved 286720K
  class space    used 9652K, committed 10176K, reserved 212992K
}
Event: 25468.289 GC heap before
{Heap before GC invocations=48 (full 0):
 garbage-first heap   total 262144K, used 208821K [0x00000000e0000000, 0x0000000100000000)
  region size 1024K, 99 young (101376K), 7 survivors (7168K)
 Metaspace       used 74781K, committed 75904K, reserved 286720K
  class space    used 9653K, committed 10176K, reserved 212992K
}
Event: 25468.294 GC heap after
{Heap after GC invocations=49 (full 0):
 garbage-first heap   total 262144K, used 115328K [0x00000000e0000000, 0x0000000100000000)
  region size 1024K, 6 young (6144K), 6 survivors (6144K)
 Metaspace       used 74781K, committed 75904K, reserved 286720K
  class space    used 9653K, committed 10176K, reserved 212992K
}
Event: 25468.578 GC heap before
{Heap before GC invocations=49 (full 0):
 garbage-first heap   total 262144K, used 212608K [0x00000000e0000000, 0x0000000100000000)
  region size 1024K, 101 young (103424K), 6 survivors (6144K)
 Metaspace       used 74781K, committed 75904K, reserved 286720K
  class space    used 9653K, committed 10176K, reserved 212992K
}
Event: 25468.581 GC heap after
{Heap after GC invocations=50 (full 0):
 garbage-first heap   total 262144K, used 115381K [0x00000000e0000000, 0x0000000100000000)
  region size 1024K, 6 young (6144K), 6 survivors (6144K)
 Metaspace       used 74781K, committed 75904K, reserved 286720K
  class space    used 9653K, committed 10176K, reserved 212992K
}

Dll operation events (12 events):
Event: 0.005 Loaded shared library C:\Users\alaid\.jdks\corretto-17.0.5\bin\java.dll
Event: 0.012 Loaded shared library C:\Users\alaid\.jdks\corretto-17.0.5\bin\jsvml.dll
Event: 0.059 Loaded shared library C:\Users\alaid\.jdks\corretto-17.0.5\bin\net.dll
Event: 0.061 Loaded shared library C:\Users\alaid\.jdks\corretto-17.0.5\bin\nio.dll
Event: 0.076 Loaded shared library C:\Users\alaid\.jdks\corretto-17.0.5\bin\zip.dll
Event: 2.181 Loaded shared library C:\Users\alaid\.jdks\corretto-17.0.5\bin\jimage.dll
Event: 2.916 Loaded shared library C:\Users\alaid\.jdks\corretto-17.0.5\bin\verify.dll
Event: 4.984 Loaded shared library C:\Users\alaid\.gradle\native\68d5fa5c4cc2d200863cafc0d521ce42e7d3e7ee720ec0a83991735586a16f82\windows-amd64\native-platform.dll
Event: 5.075 Loaded shared library C:\Users\alaid\.gradle\native\e376f236ea51e6404a007f0833ffe2c6e607c4080706a723a18a27aeea778392\windows-amd64\native-platform-file-events.dll
Event: 11.408 Loaded shared library C:\Users\alaid\.jdks\corretto-17.0.5\bin\management.dll
Event: 11.412 Loaded shared library C:\Users\alaid\.jdks\corretto-17.0.5\bin\management_ext.dll
Event: 11.953 Loaded shared library C:\Users\alaid\.jdks\corretto-17.0.5\bin\sunmscapi.dll

Deoptimization events (20 events):
Event: 27564.946 Thread 0x0000020f222edf90 Uncommon trap: trap_request=0xffffffde fr.pc=0x0000020f0ffac2c0 relative=0x0000000000000e40
Event: 27564.946 Thread 0x0000020f222edf90 Uncommon trap: reason=class_check action=maybe_recompile pc=0x0000020f0ffac2c0 method=org.gradle.cache.internal.DefaultCrossBuildInMemoryCacheFactory$DefaultCrossBuildInMemoryCache.maybeGetRetainedValue(Ljava/lang/Object;)Ljava/lang/Object; @ 10 c2
Event: 27564.946 Thread 0x0000020f222edf90 DEOPT PACKING pc=0x0000020f0ffac2c0 sp=0x000000683b2f9c30
Event: 27564.946 Thread 0x0000020f222edf90 DEOPT UNPACKING pc=0x0000020f07a823a3 sp=0x000000683b2f9bb8 mode 2
Event: 27564.962 Thread 0x0000020f222edf90 Uncommon trap: trap_request=0xffffffad fr.pc=0x0000020f10095b84 relative=0x0000000000000a04
Event: 27564.962 Thread 0x0000020f222edf90 Uncommon trap: reason=uninitialized action=reinterpret pc=0x0000020f10095b84 method=org.gradle.internal.reflect.JavaMethod.invoke(Ljava/lang/Object;[Ljava/lang/Object;)Ljava/lang/Object; @ 21 c2
Event: 27564.962 Thread 0x0000020f222edf90 DEOPT PACKING pc=0x0000020f10095b84 sp=0x000000683b2fa530
Event: 27564.962 Thread 0x0000020f222edf90 DEOPT UNPACKING pc=0x0000020f07a823a3 sp=0x000000683b2fa530 mode 2
Event: 27564.962 Thread 0x0000020f222edf90 Uncommon trap: trap_request=0x0000001a fr.pc=0x0000020f10104664 relative=0x00000000000001a4
Event: 27564.962 Thread 0x0000020f222edf90 Uncommon trap: reason=unloaded action=reinterpret pc=0x0000020f10104664 method=org.gradle.internal.service.DefaultServiceRegistry$FactoryMethodService.invokeMethod([Ljava/lang/Object;)Ljava/lang/Object; @ 19 c2
Event: 27564.962 Thread 0x0000020f222edf90 DEOPT PACKING pc=0x0000020f10104664 sp=0x000000683b2fa5e0
Event: 27564.962 Thread 0x0000020f222edf90 DEOPT UNPACKING pc=0x0000020f07a823a3 sp=0x000000683b2fa580 mode 2
Event: 27564.963 Thread 0x0000020f222edf90 Uncommon trap: trap_request=0xffffff45 fr.pc=0x0000020f100c8de8 relative=0x0000000000005928
Event: 27564.963 Thread 0x0000020f222edf90 Uncommon trap: reason=unstable_if action=reinterpret pc=0x0000020f100c8de8 method=org.gradle.internal.operations.DefaultBuildOperationExecutor$ListenerAdapter.stop(Lorg/gradle/internal/operations/BuildOperationDescriptor;Lorg/gradle/internal/operations/Bu
Event: 27564.964 Thread 0x0000020f222edf90 DEOPT PACKING pc=0x0000020f100c8de8 sp=0x000000683b2fbbc0
Event: 27564.964 Thread 0x0000020f222edf90 DEOPT UNPACKING pc=0x0000020f07a823a3 sp=0x000000683b2fb948 mode 2
Event: 27564.964 Thread 0x0000020f222edf90 Uncommon trap: trap_request=0xffffff45 fr.pc=0x0000020f100c8de8 relative=0x0000000000005928
Event: 27564.964 Thread 0x0000020f222edf90 Uncommon trap: reason=unstable_if action=reinterpret pc=0x0000020f100c8de8 method=org.gradle.internal.operations.DefaultBuildOperationExecutor$ListenerAdapter.stop(Lorg/gradle/internal/operations/BuildOperationDescriptor;Lorg/gradle/internal/operations/Bu
Event: 27564.964 Thread 0x0000020f222edf90 DEOPT PACKING pc=0x0000020f100c8de8 sp=0x000000683b2fc090
Event: 27564.964 Thread 0x0000020f222edf90 DEOPT UNPACKING pc=0x0000020f07a823a3 sp=0x000000683b2fbe18 mode 2

Classes unloaded (20 events):
Event: 7430.369 Thread 0x0000020f7feefee0 Unloading class 0x00000008013b0800 'lombok/core/AnnotationProcessor'
Event: 7430.369 Thread 0x0000020f7feefee0 Unloading class 0x00000008013b1a80 'lombok/launch/AnnotationProcessorHider$AstModificationNotifierData'
Event: 7430.369 Thread 0x0000020f7feefee0 Unloading class 0x00000008013b1800 'lombok/launch/AnnotationProcessorHider$ClaimingProcessor'
Event: 7430.369 Thread 0x0000020f7feefee0 Unloading class 0x00000008013b0480 'lombok/launch/ShadowClassLoader'
Event: 7430.369 Thread 0x0000020f7feefee0 Unloading class 0x00000008013b0280 'lombok/launch/Main'
Event: 7430.369 Thread 0x0000020f7feefee0 Unloading class 0x00000008013b0000 'lombok/launch/AnnotationProcessorHider$AnnotationProcessor'
Event: 7430.369 Thread 0x0000020f7feefee0 Unloading class 0x0000000801360800 'jdk/internal/reflect/GeneratedMethodAccessor85'
Event: 7430.369 Thread 0x0000020f7feefee0 Unloading class 0x000000080135a000 'jdk/internal/reflect/GeneratedMethodAccessor73'
Event: 7430.369 Thread 0x0000020f7feefee0 Unloading class 0x0000000801359800 'jdk/internal/reflect/GeneratedMethodAccessor71'
Event: 7430.369 Thread 0x0000020f7feefee0 Unloading class 0x0000000801354800 'jdk/internal/reflect/GeneratedMethodAccessor63'
Event: 7430.369 Thread 0x0000020f7feefee0 Unloading class 0x0000000801350c00 'jdk/internal/reflect/GeneratedSerializationConstructorAccessor22'
Event: 7430.369 Thread 0x0000020f7feefee0 Unloading class 0x0000000801350800 'jdk/internal/reflect/GeneratedMethodAccessor54'
Event: 7430.369 Thread 0x0000020f7feefee0 Unloading class 0x0000000801350400 'jdk/internal/reflect/GeneratedSerializationConstructorAccessor21'
Event: 7430.369 Thread 0x0000020f7feefee0 Unloading class 0x0000000801348c00 'jdk/internal/reflect/GeneratedSerializationConstructorAccessor20'
Event: 7430.369 Thread 0x0000020f7feefee0 Unloading class 0x0000000801348800 'jdk/internal/reflect/GeneratedSerializationConstructorAccessor19'
Event: 7430.369 Thread 0x0000020f7feefee0 Unloading class 0x0000000801348400 'jdk/internal/reflect/GeneratedSerializationConstructorAccessor18'
Event: 7430.369 Thread 0x0000020f7feefee0 Unloading class 0x0000000801336000 'jdk/internal/reflect/GeneratedConstructorAccessor40'
Event: 7430.369 Thread 0x0000020f7feefee0 Unloading class 0x0000000801335400 'jdk/internal/reflect/GeneratedConstructorAccessor39'
Event: 7430.369 Thread 0x0000020f7feefee0 Unloading class 0x0000000801335000 'jdk/internal/reflect/GeneratedConstructorAccessor38'
Event: 7430.369 Thread 0x0000020f7feefee0 Unloading class 0x0000000801333000 'jdk/internal/reflect/GeneratedConstructorAccessor36'

Classes redefined (0 events):
No events

Internal exceptions (20 events):
Event: 23148.528 Thread 0x0000020f1e5f6d50 Exception <a 'sun/nio/fs/WindowsException'{0x00000000eab32b08}> (0x00000000eab32b08) 
thrown [s\src\hotspot\share\prims\jni.cpp, line 516]
Event: 23148.528 Thread 0x0000020f1e5f6d50 Exception <a 'sun/nio/fs/WindowsException'{0x00000000eab32e88}> (0x00000000eab32e88) 
thrown [s\src\hotspot\share\prims\jni.cpp, line 516]
Event: 23148.979 Thread 0x0000020f1e5f6d50 Exception <a 'sun/nio/fs/WindowsException'{0x00000000efc7c4b8}> (0x00000000efc7c4b8) 
thrown [s\src\hotspot\share\prims\jni.cpp, line 516]
Event: 23148.979 Thread 0x0000020f1e5f6d50 Exception <a 'sun/nio/fs/WindowsException'{0x00000000efc7c808}> (0x00000000efc7c808) 
thrown [s\src\hotspot\share\prims\jni.cpp, line 516]
Event: 23148.985 Thread 0x0000020f1e5f6d50 Exception <a 'sun/nio/fs/WindowsException'{0x00000000efbc45b8}> (0x00000000efbc45b8) 
thrown [s\src\hotspot\share\prims\jni.cpp, line 516]
Event: 23148.985 Thread 0x0000020f1e5f6d50 Exception <a 'sun/nio/fs/WindowsException'{0x00000000efbc49f8}> (0x00000000efbc49f8) 
thrown [s\src\hotspot\share\prims\jni.cpp, line 516]
Event: 23148.990 Thread 0x0000020f1e5f6d50 Exception <a 'sun/nio/fs/WindowsException'{0x00000000efad6c20}> (0x00000000efad6c20) 
thrown [s\src\hotspot\share\prims\jni.cpp, line 516]
Event: 23148.990 Thread 0x0000020f1e5f6d50 Exception <a 'sun/nio/fs/WindowsException'{0x00000000efad7060}> (0x00000000efad7060) 
thrown [s\src\hotspot\share\prims\jni.cpp, line 516]
Event: 23148.998 Thread 0x0000020f1e5f6d50 Exception <a 'sun/nio/fs/WindowsException'{0x00000000ef88aab8}> (0x00000000ef88aab8) 
thrown [s\src\hotspot\share\prims\jni.cpp, line 516]
Event: 23148.998 Thread 0x0000020f1e5f6d50 Exception <a 'sun/nio/fs/WindowsException'{0x00000000ef88aef8}> (0x00000000ef88aef8) 
thrown [s\src\hotspot\share\prims\jni.cpp, line 516]
Event: 23149.003 Thread 0x0000020f1e5f6d50 Exception <a 'sun/nio/fs/WindowsException'{0x00000000ef747400}> (0x00000000ef747400) 
thrown [s\src\hotspot\share\prims\jni.cpp, line 516]
Event: 23149.003 Thread 0x0000020f1e5f6d50 Exception <a 'sun/nio/fs/WindowsException'{0x00000000ef747840}> (0x00000000ef747840) 
thrown [s\src\hotspot\share\prims\jni.cpp, line 516]
Event: 23149.018 Thread 0x0000020f1e5f6d50 Exception <a 'sun/nio/fs/WindowsException'{0x00000000ef46c838}> (0x00000000ef46c838) 
thrown [s\src\hotspot\share\prims\jni.cpp, line 516]
Event: 23149.018 Thread 0x0000020f1e5f6d50 Exception <a 'sun/nio/fs/WindowsException'{0x00000000ef46cbf8}> (0x00000000ef46cbf8) 
thrown [s\src\hotspot\share\prims\jni.cpp, line 516]
Event: 23149.041 Thread 0x0000020f1e5f6d50 Exception <a 'sun/nio/fs/WindowsException'{0x00000000ef0aca38}> (0x00000000ef0aca38) 
thrown [s\src\hotspot\share\prims\jni.cpp, line 516]
Event: 23149.043 Thread 0x0000020f1e5f6d50 Exception <a 'sun/nio/fs/WindowsException'{0x00000000ef0c1b88}> (0x00000000ef0c1b88) 
thrown [s\src\hotspot\share\prims\jni.cpp, line 516]
Event: 23149.046 Thread 0x0000020f1e5f6d50 Exception <a 'sun/nio/fs/WindowsException'{0x00000000ef0d6218}> (0x00000000ef0d6218) 
thrown [s\src\hotspot\share\prims\jni.cpp, line 516]
Event: 23149.137 Thread 0x0000020f1e5f6d50 Exception <a 'sun/nio/fs/WindowsException'{0x00000000eeedfd50}> (0x00000000eeedfd50) 
thrown [s\src\hotspot\share\prims\jni.cpp, line 516]
Event: 23176.079 Thread 0x0000020f1e9669a0 Exception <a 'java/lang/NoClassDefFoundError'{0x00000000edc3f8c8}: org/jetbrains/kotlin/gradle/plugin/KotlinPluginWrapper> (0x00000000edc3f8c8) 
thrown [s\src\hotspot\share\oops\constantPool.cpp, line 835]
Event: 25467.891 Thread 0x0000020f1c0cefc0 Exception <a 'java/lang/NoClassDefFoundError'{0x00000000ec93f760}: org/jetbrains/kotlin/gradle/plugin/KotlinPluginWrapper> (0x00000000ec93f760) 
thrown [s\src\hotspot\share\oops\constantPool.cpp, line 835]

VM Operations (20 events):
Event: 23176.559 Executing VM operation: G1CollectForAllocation
Event: 23176.565 Executing VM operation: G1CollectForAllocation done
Event: 23177.575 Executing VM operation: Cleanup
Event: 23177.575 Executing VM operation: Cleanup done
Event: 23178.585 Executing VM operation: Cleanup
Event: 23178.585 Executing VM operation: Cleanup done
Event: 25468.289 Executing VM operation: G1CollectForAllocation
Event: 25468.294 Executing VM operation: G1CollectForAllocation done
Event: 25468.578 Executing VM operation: G1CollectForAllocation
Event: 25468.581 Executing VM operation: G1CollectForAllocation done
Event: 25469.591 Executing VM operation: Cleanup
Event: 25469.591 Executing VM operation: Cleanup done
Event: 26891.635 Executing VM operation: Cleanup
Event: 26891.635 Executing VM operation: Cleanup done
Event: 27564.961 Executing VM operation: HandshakeAllThreads
Event: 27564.961 Executing VM operation: HandshakeAllThreads done
Event: 27564.961 Executing VM operation: Cleanup
Event: 27564.962 Executing VM operation: Cleanup done
Event: 27564.964 Executing VM operation: HandshakeAllThreads
Event: 27564.964 Executing VM operation: HandshakeAllThreads done

Events (20 events):
Event: 25470.838 Thread 0x0000020f1f9a9d30 Thread exited: 0x0000020f1f9a9d30
Event: 25470.838 Thread 0x0000020f1e3270e0 Thread exited: 0x0000020f1e3270e0
Event: 25470.838 Thread 0x0000020f1c47f330 Thread exited: 0x0000020f1c47f330
Event: 25470.838 Thread 0x0000020f1f69c6f0 Thread exited: 0x0000020f1f69c6f0
Event: 25470.853 Thread 0x0000020f1c0ce150 Thread exited: 0x0000020f1c0ce150
Event: 25470.853 Thread 0x0000020f1c0ceaf0 Thread exited: 0x0000020f1c0ceaf0
Event: 25470.868 Thread 0x0000020f1c0cdc80 Thread exited: 0x0000020f1c0cdc80
Event: 25470.881 Thread 0x0000020f1c0cf490 Thread exited: 0x0000020f1c0cf490
Event: 25470.882 Thread 0x0000020f1c0ce620 Thread exited: 0x0000020f1c0ce620
Event: 25530.838 Thread 0x0000020f1c3ee950 Thread exited: 0x0000020f1c3ee950
Event: 25530.885 Thread 0x0000020f222ed120 Thread exited: 0x0000020f222ed120
Event: 25530.885 Thread 0x0000020f1c0cefc0 Thread exited: 0x0000020f1c0cefc0
Event: 27564.793 Thread 0x0000020f1e3288f0 Thread added: 0x0000020f1e3288f0
Event: 27564.794 Thread 0x0000020f222ed5f0 Thread added: 0x0000020f222ed5f0
Event: 27564.829 Thread 0x0000020f222edac0 Thread added: 0x0000020f222edac0
Event: 27564.833 Thread 0x0000020f222edf90 Thread added: 0x0000020f222edf90
Event: 27564.836 Thread 0x0000020f1ff473e0 Thread added: 0x0000020f1ff473e0
Event: 27564.836 Thread 0x0000020f1ff46570 Thread added: 0x0000020f1ff46570
Event: 27564.837 Thread 0x0000020f1ff478b0 Thread added: 0x0000020f1ff478b0
Event: 27564.946 Thread 0x0000020f1ff46a40 Thread added: 0x0000020f1ff46a40


Dynamic libraries:
0x00007ff742b70000 - 0x00007ff742b7d000 	C:\Users\alaid\.jdks\corretto-17.0.5\bin\java.exe
0x00007ffbfc760000 - 0x00007ffbfc969000 	C:\WINDOWS\SYSTEM32\ntdll.dll
0x00007ffbfc490000 - 0x00007ffbfc54e000 	C:\WINDOWS\System32\KERNEL32.DLL
0x00007ffbfa0b0000 - 0x00007ffbfa433000 	C:\WINDOWS\System32\KERNELBASE.dll
0x00007ffbf9d60000 - 0x00007ffbf9e71000 	C:\WINDOWS\System32\ucrtbase.dll
0x00007ffbf0bb0000 - 0x00007ffbf0bc5000 	C:\Users\alaid\.jdks\corretto-17.0.5\bin\VCRUNTIME140.dll
0x00007ffbeeb30000 - 0x00007ffbeeb47000 	C:\Users\alaid\.jdks\corretto-17.0.5\bin\jli.dll
0x00007ffbfbd30000 - 0x00007ffbfbedd000 	C:\WINDOWS\System32\USER32.dll
0x00007ffbf9d30000 - 0x00007ffbf9d56000 	C:\WINDOWS\System32\win32u.dll
0x00007ffbde680000 - 0x00007ffbde925000 	C:\WINDOWS\WinSxS\amd64_microsoft.windows.common-controls_6595b64144ccf1df_6.0.22000.120_none_9d947278b86cc467\COMCTL32.dll
0x00007ffbfb440000 - 0x00007ffbfb469000 	C:\WINDOWS\System32\GDI32.dll
0x00007ffbfc2f0000 - 0x00007ffbfc393000 	C:\WINDOWS\System32\msvcrt.dll
0x00007ffbf9c10000 - 0x00007ffbf9d2a000 	C:\WINDOWS\System32\gdi32full.dll
0x00007ffbfa440000 - 0x00007ffbfa4dd000 	C:\WINDOWS\System32\msvcp_win.dll
0x00007ffbfc010000 - 0x00007ffbfc041000 	C:\WINDOWS\System32\IMM32.DLL
0x00007ffbd4c60000 - 0x00007ffbd4cfb000 	C:\Users\alaid\.jdks\corretto-17.0.5\bin\msvcp140.dll
0x00007ffbacc90000 - 0x00007ffbad8a4000 	C:\Users\alaid\.jdks\corretto-17.0.5\bin\server\jvm.dll
0x00007ffbfb470000 - 0x00007ffbfb51e000 	C:\WINDOWS\System32\ADVAPI32.dll
0x00007ffbfa870000 - 0x00007ffbfa90e000 	C:\WINDOWS\System32\sechost.dll
0x00007ffbfbee0000 - 0x00007ffbfc001000 	C:\WINDOWS\System32\RPCRT4.dll
0x00007ffbf4d30000 - 0x00007ffbf4d3a000 	C:\WINDOWS\SYSTEM32\VERSION.dll
0x00007ffbf7270000 - 0x00007ffbf72a3000 	C:\WINDOWS\SYSTEM32\WINMM.dll
0x00007ffbe6370000 - 0x00007ffbe6379000 	C:\WINDOWS\SYSTEM32\WSOCK32.dll
0x00007ffbfc050000 - 0x00007ffbfc0bf000 	C:\WINDOWS\System32\WS2_32.dll
0x00007ffbf8c50000 - 0x00007ffbf8c68000 	C:\WINDOWS\SYSTEM32\kernel.appcore.dll
0x00007ffbf5ac0000 - 0x00007ffbf5aca000 	C:\Users\alaid\.jdks\corretto-17.0.5\bin\jimage.dll
0x00007ffbf75e0000 - 0x00007ffbf7801000 	C:\WINDOWS\SYSTEM32\DBGHELP.DLL
0x00007ffbf7230000 - 0x00007ffbf7261000 	C:\WINDOWS\SYSTEM32\dbgcore.DLL
0x00007ffbfa550000 - 0x00007ffbfa5cf000 	C:\WINDOWS\System32\bcryptPrimitives.dll
0x00007ffbe4cd0000 - 0x00007ffbe4cf5000 	C:\Users\alaid\.jdks\corretto-17.0.5\bin\java.dll
0x00007ffbd1fa0000 - 0x00007ffbd2076000 	C:\Users\alaid\.jdks\corretto-17.0.5\bin\jsvml.dll
0x00007ffbfac00000 - 0x00007ffbfb3c5000 	C:\WINDOWS\System32\SHELL32.dll
0x00007ffbf7bd0000 - 0x00007ffbf8434000 	C:\WINDOWS\SYSTEM32\windows.storage.dll
0x00007ffbfb9b0000 - 0x00007ffbfbd26000 	C:\WINDOWS\System32\combase.dll
0x00007ffbf7a60000 - 0x00007ffbf7bc7000 	C:\WINDOWS\SYSTEM32\wintypes.dll
0x00007ffbfc3a0000 - 0x00007ffbfc48a000 	C:\WINDOWS\System32\SHCORE.dll
0x00007ffbfc0d0000 - 0x00007ffbfc12d000 	C:\WINDOWS\System32\shlwapi.dll
0x00007ffbf9b40000 - 0x00007ffbf9b61000 	C:\WINDOWS\SYSTEM32\profapi.dll
0x00007ffbe8a40000 - 0x00007ffbe8a59000 	C:\Users\alaid\.jdks\corretto-17.0.5\bin\net.dll
0x00007ffbf6910000 - 0x00007ffbf6a22000 	C:\WINDOWS\SYSTEM32\WINHTTP.dll
0x00007ffbf90e0000 - 0x00007ffbf9147000 	C:\WINDOWS\system32\mswsock.dll
0x00007ffbe6d30000 - 0x00007ffbe6d45000 	C:\Users\alaid\.jdks\corretto-17.0.5\bin\nio.dll
0x00007ffbe53b0000 - 0x00007ffbe53c8000 	C:\Users\alaid\.jdks\corretto-17.0.5\bin\zip.dll
0x00007ffbf0ff0000 - 0x00007ffbf1000000 	C:\Users\alaid\.jdks\corretto-17.0.5\bin\verify.dll
0x00007ffba09f0000 - 0x00007ffba0a17000 	C:\Users\alaid\.gradle\native\68d5fa5c4cc2d200863cafc0d521ce42e7d3e7ee720ec0a83991735586a16f82\windows-amd64\native-platform.dll
0x00007ffbcf4d0000 - 0x00007ffbcf614000 	C:\Users\alaid\.gradle\native\e376f236ea51e6404a007f0833ffe2c6e607c4080706a723a18a27aeea778392\windows-amd64\native-platform-file-events.dll
0x00007ffbf0c40000 - 0x00007ffbf0c49000 	C:\Users\alaid\.jdks\corretto-17.0.5\bin\management.dll
0x00007ffbeeb20000 - 0x00007ffbeeb2b000 	C:\Users\alaid\.jdks\corretto-17.0.5\bin\management_ext.dll
0x00007ffbfb3d0000 - 0x00007ffbfb3d8000 	C:\WINDOWS\System32\PSAPI.DLL
0x00007ffbf9370000 - 0x00007ffbf9388000 	C:\WINDOWS\SYSTEM32\CRYPTSP.dll
0x00007ffbf8bb0000 - 0x00007ffbf8be5000 	C:\WINDOWS\system32\rsaenh.dll
0x00007ffbf9180000 - 0x00007ffbf91a9000 	C:\WINDOWS\SYSTEM32\USERENV.dll
0x00007ffbf9470000 - 0x00007ffbf9497000 	C:\WINDOWS\SYSTEM32\bcrypt.dll
0x00007ffbf92d0000 - 0x00007ffbf92dc000 	C:\WINDOWS\SYSTEM32\CRYPTBASE.dll
0x00007ffbf8730000 - 0x00007ffbf875d000 	C:\WINDOWS\SYSTEM32\IPHLPAPI.DLL
0x00007ffbfb520000 - 0x00007ffbfb529000 	C:\WINDOWS\System32\NSI.dll
0x00007ffbf4ec0000 - 0x00007ffbf4ed9000 	C:\WINDOWS\SYSTEM32\dhcpcsvc6.DLL
0x00007ffbf51f0000 - 0x00007ffbf520e000 	C:\WINDOWS\SYSTEM32\dhcpcsvc.DLL
0x00007ffbf8790000 - 0x00007ffbf8878000 	C:\WINDOWS\SYSTEM32\DNSAPI.dll
0x00007ffbeeae0000 - 0x00007ffbeeaee000 	C:\Users\alaid\.jdks\corretto-17.0.5\bin\sunmscapi.dll
0x00007ffbf9f40000 - 0x00007ffbfa0a2000 	C:\WINDOWS\System32\CRYPT32.dll
0x00007ffbf9440000 - 0x00007ffbf946a000 	C:\WINDOWS\SYSTEM32\ncrypt.dll
0x00007ffbf9400000 - 0x00007ffbf9437000 	C:\WINDOWS\SYSTEM32\NTASN1.dll
0x00007ffbd8bd0000 - 0x00007ffbd8bd8000 	C:\WINDOWS\system32\wshunix.dll

dbghelp: loaded successfully - version: 4.0.5 - missing functions: none
symbol engine: initialized successfully - sym options: 0x614 - pdb path: .;C:\Users\alaid\.jdks\corretto-17.0.5\bin;C:\WINDOWS\SYSTEM32;C:\WINDOWS\WinSxS\amd64_microsoft.windows.common-controls_6595b64144ccf1df_6.0.22000.120_none_9d947278b86cc467;C:\Users\alaid\.jdks\corretto-17.0.5\bin\server;C:\Users\alaid\.gradle\native\68d5fa5c4cc2d200863cafc0d521ce42e7d3e7ee720ec0a83991735586a16f82\windows-amd64;C:\Users\alaid\.gradle\native\e376f236ea51e6404a007f0833ffe2c6e607c4080706a723a18a27aeea778392\windows-amd64

VM Arguments:
jvm_args: --add-opens=java.base/java.util=ALL-UNNAMED --add-opens=java.base/java.lang=ALL-UNNAMED --add-opens=java.base/java.lang.invoke=ALL-UNNAMED --add-opens=java.prefs/java.util.prefs=ALL-UNNAMED --add-opens=java.base/java.nio.charset=ALL-UNNAMED --add-opens=java.base/java.net=ALL-UNNAMED --add-opens=java.base/java.util.concurrent.atomic=ALL-UNNAMED -XX:MaxMetaspaceSize=256m -XX:+HeapDumpOnOutOfMemoryError -Xms256m -Xmx512m -Dfile.encoding=x-windows-949 -Duser.country=US -Duser.language=en -Duser.variant 
java_command: org.gradle.launcher.daemon.bootstrap.GradleDaemon 7.6
java_class_path (initial): C:\Users\alaid\.gradle\wrapper\dists\gradle-7.6-bin\9l9tetv7ltxvx3i8an4pb86ye\gradle-7.6\lib\gradle-launcher-7.6.jar
Launcher Type: SUN_STANDARD

[Global flags]
     intx CICompilerCount                          = 4                                         {product} {ergonomic}
   size_t CompressedClassSpaceSize                 = 218103808                                 {product} {ergonomic}
     uint ConcGCThreads                            = 2                                         {product} {ergonomic}
     uint G1ConcRefinementThreads                  = 8                                         {product} {ergonomic}
   size_t G1HeapRegionSize                         = 1048576                                   {product} {ergonomic}
    uintx GCDrainStackTargetSize                   = 64                                        {product} {ergonomic}
     bool HeapDumpOnOutOfMemoryError               = true                                   {manageable} {command line}
   size_t InitialHeapSize                          = 268435456                                 {product} {command line}
   size_t MarkStackSize                            = 4194304                                   {product} {ergonomic}
   size_t MaxHeapSize                              = 536870912                                 {product} {command line}
   size_t MaxMetaspaceSize                         = 268435456                                 {product} {command line}
   size_t MaxNewSize                               = 321912832                                 {product} {ergonomic}
   size_t MinHeapDeltaBytes                        = 1048576                                   {product} {ergonomic}
   size_t MinHeapSize                              = 268435456                                 {product} {command line}
    uintx NonNMethodCodeHeapSize                   = 5839372                                {pd product} {ergonomic}
    uintx NonProfiledCodeHeapSize                  = 122909434                              {pd product} {ergonomic}
    uintx ProfiledCodeHeapSize                     = 122909434                              {pd product} {ergonomic}
    uintx ReservedCodeCacheSize                    = 251658240                              {pd product} {ergonomic}
     bool SegmentedCodeCache                       = true                                      {product} {ergonomic}
   size_t SoftMaxHeapSize                          = 536870912                              {manageable} {ergonomic}
     bool UseCompressedClassPointers               = true                           {product lp64_product} {ergonomic}
     bool UseCompressedOops                        = true                           {product lp64_product} {ergonomic}
     bool UseG1GC                                  = true                                      {product} {ergonomic}
     bool UseLargePagesIndividualAllocation        = false                                  {pd product} {ergonomic}

Logging:
Log output configuration:
 #0: stdout all=warning uptime,level,tags
 #1: stderr all=off uptime,level,tags

Environment Variables:
PATH=C:\Program Files\Microsoft\jdk-11.0.12.7-hotspot\bin;C:\Program Files\Java\jdk-15.0.2\bin;C:\Program Files (x86)\Common Files\Oracle\Java\javapath;C:\Program Files\Common Files\Oracle\Java\javapath;C:\WINDOWS\system32;C:\WINDOWS;C:\WINDOWS\System32\Wbem;C:\WINDOWS\System32\WindowsPowerShell\v1.0\;C:\WINDOWS\System32\OpenSSH\;C:\Program Files\PuTTY\;C:\Program Files\Git\cmd;C:\Program Files\IBM\SPSS\Statistics\25\JRE\bin;C:\Program Files\Docker\Docker\resources\bin;C:\Users\alaid\AppData\Local\Programs\Python\Python39\Scripts\;C:\Users\alaid\AppData\Local\Programs\Python\Python39\;C:\Users\alaid\AppData\Local\Microsoft\WindowsApps;C:\Users\alaid\AppData\Local\Programs\Microsoft VS Code\bin;C:\Program Files\Java\jdk-15.0.2\bin;C:\src\flutter\bin;
USERNAME=alaid
OS=Windows_NT
PROCESSOR_IDENTIFIER=Intel64 Family 6 Model 142 Stepping 12, GenuineIntel
TMP=C:\Users\alaid\AppData\Local\Temp
TEMP=C:\Users\alaid\AppData\Local\Temp



---------------  S Y S T E M  ---------------

OS:
 Windows 11 , 64 bit Build 22000 (10.0.22000.1761)
OS uptime: 0 days 14:18 hours
Hyper-V role detected

CPU: total 8 (initial active 8) (4 cores per cpu, 2 threads per core) family 6 model 142 stepping 12 microcode 0xde, cx8, cmov, fxsr, ht, mmx, 3dnowpref, sse, sse2, sse3, ssse3, sse4.1, sse4.2, popcnt, lzcnt, tsc, tscinvbit, avx, avx2, aes, erms, clmul, bmi1, bmi2, adx, fma, vzeroupper, clflush, clflushopt, hv

Memory: 4k page, system-wide physical 15977M (4747M free)
TotalPageFile size 23371M (AvailPageFile size 10611M)
current process WorkingSet (physical memory assigned to process): 419M, peak: 473M
current process commit charge ("private bytes"): 571M, peak: 597M

vm_info: OpenJDK 64-Bit Server VM (17.0.5+8-LTS) for windows-amd64 JRE (17.0.5+8-LTS), built on Oct 13 2022 05:18:14 by "Administrator" with MS VC++ 15.9 (VS2017)

END.
